#
# There is insufficient memory for the Java Runtime Environment to continue.
# Native memory allocation (malloc) failed to allocate 839536 bytes. Error detail: Chunk::new
# Possible reasons:
#   The system is out of physical RAM or swap space
#   This process is running with CompressedOops enabled, and the Java Heap may be blocking the growth of the native heap
# Possible solutions:
#   Reduce memory load on the system
#   Increase physical memory or swap space
#   Check if swap backing store is full
#   Decrease Java heap size (-Xmx/-Xms)
#   Decrease number of Java threads
#   Decrease Java thread stack sizes (-Xss)
#   Set larger code cache with -XX:ReservedCodeCacheSize=
#   JVM is running with Unscaled Compressed Oops mode in which the Java heap is
#     placed in the first 4GB address space. The Java Heap base address is the
#     maximum limit for the native heap growth. Please use -XX:HeapBaseMinAddress
#     to set the Java Heap base and to place the Java Heap above 4GB virtual address.
# This output file may be truncated or incomplete.
#
#  Out of Memory Error (arena.cpp:150), pid=1452, tid=31844
#
# JRE version: OpenJDK Runtime Environment (22.0+36) (build 22+36-2370)
# Java VM: OpenJDK 64-Bit Server VM (22+36-2370, mixed mode, sharing, tiered, compressed oops, compressed class ptrs, g1 gc, windows-amd64)
# No core dump will be written. Minidumps are not enabled by default on client versions of Windows
#

---------------  S U M M A R Y ------------

Command Line: -javaagent:D:\intellij Idea\IntelliJ IDEA Community Edition 2023.1.3\lib\idea_rt.jar=53091:D:\intellij Idea\IntelliJ IDEA Community Edition 2023.1.3\bin -Dfile.encoding=UTF-8 -Dsun.stdout.encoding=UTF-8 -Dsun.stderr.encoding=UTF-8 com.taskmanagement.fannss.FannssApplication

Host: AMD Ryzen 5 3500U with Radeon Vega Mobile Gfx  , 8 cores, 5G,  Windows 11 , 64 bit Build 22621 (10.0.22621.3527)
Time: Sun Jun  2 16:15:23 2024 India Standard Time elapsed time: 139.213390 seconds (0d 0h 2m 19s)

---------------  T H R E A D  ---------------

Current thread (0x000002b7eb3821d0):  JavaThread "C2 CompilerThread0" daemon [_thread_in_native, id=31844, stack(0x000000c73c800000,0x000000c73c900000) (1024K)]


Current CompileTask:
C2:139213 11925       4       org.springframework.web.servlet.mvc.method.RequestMappingInfoHandlerMapping::getMatchingMapping (10 bytes)

Stack: [0x000000c73c800000,0x000000c73c900000]
Native frames: (J=compiled Java code, j=interpreted, Vv=VM code, C=native code)
V  [jvm.dll+0x6e2349]  (no source info available)
V  [jvm.dll+0x874ed3]  (no source info available)
V  [jvm.dll+0x8772fe]  (no source info available)
V  [jvm.dll+0x8779d3]  (no source info available)
V  [jvm.dll+0x27fcb6]  (no source info available)
V  [jvm.dll+0xc3d0f]  (no source info available)
V  [jvm.dll+0xc3f6b]  (no source info available)
V  [jvm.dll+0x2f3b6f]  (no source info available)
V  [jvm.dll+0x60bd8a]  (no source info available)
V  [jvm.dll+0x2499d6]  (no source info available)
V  [jvm.dll+0x246eb6]  (no source info available)
V  [jvm.dll+0x1c4e90]  (no source info available)
V  [jvm.dll+0x25699e]  (no source info available)
V  [jvm.dll+0x254c5a]  (no source info available)
V  [jvm.dll+0x3f5426]  (no source info available)
V  [jvm.dll+0x81d50b]  (no source info available)
V  [jvm.dll+0x6e09e5]  (no source info available)
C  [ucrtbase.dll+0x29333]  (no source info available)
C  [KERNEL32.DLL+0x1257d]  (no source info available)
C  [ntdll.dll+0x5aa48]  (no source info available)


---------------  P R O C E S S  ---------------

Threads class SMR info:
_java_thread_list=0x000002b7c7986170, length=35, elements={
0x000002b7eb367700, 0x000002b7eb368620, 0x000002b7eb36b1b0, 0x000002b7eb36dd20,
0x000002b7eb3717a0, 0x000002b7eb37d2b0, 0x000002b7eb3821d0, 0x000002b7eb382db0,
0x000002b7eb37bf00, 0x000002b7eb37b870, 0x000002b7eb37ab50, 0x000002b7c6995d80,
0x000002b7c6994340, 0x000002b7c6995060, 0x000002b7c69977c0, 0x000002b7c6992900,
0x000002b7c69956f0, 0x000002b7c6996410, 0x000002b7c6991550, 0x000002b7c6992f90,
0x000002b7c6990ec0, 0x000002b7c6996aa0, 0x000002b7c69984e0, 0x000002b7c6997130,
0x000002b7c6997e50, 0x000002b7c69949d0, 0x000002b7c6992270, 0x000002b7eb37a4c0,
0x000002b7c6993620, 0x000002b7c88a6f80, 0x000002b7c88a2750, 0x000002b7c88a7610,
0x000002b7c88a0680, 0x000002b7c88a1a30, 0x000002b7c88a20c0
}
_to_delete_list=0x000002b7cf5d45b0, length=33, elements={
0x000002b7eb367700, 0x000002b7eb368620, 0x000002b7eb36b1b0, 0x000002b7eb36dd20,
0x000002b7eb3717a0, 0x000002b7eb37d2b0, 0x000002b7eb3821d0, 0x000002b7eb382db0,
0x000002b7eb37bf00, 0x000002b7eb37b870, 0x000002b7eb37ab50, 0x000002b7c6995d80,
0x000002b7c6994340, 0x000002b7c6995060, 0x000002b7c69977c0, 0x000002b7c6992900,
0x000002b7c69956f0, 0x000002b7c6996410, 0x000002b7c6991550, 0x000002b7c6992f90,
0x000002b7c6990ec0, 0x000002b7c6996aa0, 0x000002b7c69984e0, 0x000002b7c6997130,
0x000002b7c6997e50, 0x000002b7c69949d0, 0x000002b7c6992270, 0x000002b7eb37a4c0,
0x000002b7c6993620, 0x000002b7c88a6f80, 0x000002b7c88a2750, 0x000002b7c88a7610,
0x000002b7c88a0680
}

Java Threads: ( => current thread )
  0x000002b7eb367700 JavaThread "Reference Handler"          daemon [_thread_blocked, id=33332, stack(0x000000c73c200000,0x000000c73c300000) (1024K)]
  0x000002b7eb368620 JavaThread "Finalizer"                  daemon [_thread_blocked, id=26180, stack(0x000000c73c300000,0x000000c73c400000) (1024K)]
  0x000002b7eb36b1b0 JavaThread "Signal Dispatcher"          daemon [_thread_blocked, id=21648, stack(0x000000c73c400000,0x000000c73c500000) (1024K)]
  0x000002b7eb36dd20 JavaThread "Attach Listener"            daemon [_thread_blocked, id=26392, stack(0x000000c73c500000,0x000000c73c600000) (1024K)]
  0x000002b7eb3717a0 JavaThread "Service Thread"             daemon [_thread_blocked, id=20272, stack(0x000000c73c600000,0x000000c73c700000) (1024K)]
  0x000002b7eb37d2b0 JavaThread "Monitor Deflation Thread"   daemon [_thread_blocked, id=31144, stack(0x000000c73c700000,0x000000c73c800000) (1024K)]
=>0x000002b7eb3821d0 JavaThread "C2 CompilerThread0"         daemon [_thread_in_native, id=31844, stack(0x000000c73c800000,0x000000c73c900000) (1024K)]
  0x000002b7eb382db0 JavaThread "C1 CompilerThread0"         daemon [_thread_blocked, id=30016, stack(0x000000c73c900000,0x000000c73ca00000) (1024K)]
  0x000002b7eb37bf00 JavaThread "Common-Cleaner"             daemon [_thread_blocked, id=31564, stack(0x000000c73ca00000,0x000000c73cb00000) (1024K)]
  0x000002b7eb37b870 JavaThread "Monitor Ctrl-Break"         daemon [_thread_in_native, id=33056, stack(0x000000c73cc00000,0x000000c73cd00000) (1024K)]
  0x000002b7eb37ab50 JavaThread "Notification Thread"        daemon [_thread_blocked, id=33072, stack(0x000000c73cd00000,0x000000c73ce00000) (1024K)]
  0x000002b7c6995d80 JavaThread "Catalina-utility-1"                [_thread_in_Java, id=30824, stack(0x000000c73d800000,0x000000c73d900000) (1024K)]
  0x000002b7c6994340 JavaThread "http-nio-8080-exec-1"       daemon [_thread_in_native, id=33512, stack(0x000000c73d900000,0x000000c73da00000) (1024K)]
  0x000002b7c6995060 JavaThread "http-nio-8080-exec-2"       daemon [_thread_in_native, id=9768, stack(0x000000c73da00000,0x000000c73db00000) (1024K)]
  0x000002b7c69977c0 JavaThread "http-nio-8080-exec-3"       daemon [_thread_blocked, id=27388, stack(0x000000c73db00000,0x000000c73dc00000) (1024K)]
  0x000002b7c6992900 JavaThread "http-nio-8080-exec-4"       daemon [_thread_blocked, id=31772, stack(0x000000c73dc00000,0x000000c73dd00000) (1024K)]
  0x000002b7c69956f0 JavaThread "http-nio-8080-exec-5"       daemon [_thread_blocked, id=33588, stack(0x000000c73dd00000,0x000000c73de00000) (1024K)]
  0x000002b7c6996410 JavaThread "http-nio-8080-exec-6"       daemon [_thread_blocked, id=28220, stack(0x000000c73de00000,0x000000c73df00000) (1024K)]
  0x000002b7c6991550 JavaThread "http-nio-8080-exec-7"       daemon [_thread_blocked, id=23792, stack(0x000000c73df00000,0x000000c73e000000) (1024K)]
  0x000002b7c6992f90 JavaThread "http-nio-8080-exec-8"       daemon [_thread_blocked, id=24460, stack(0x000000c73e000000,0x000000c73e100000) (1024K)]
  0x000002b7c6990ec0 JavaThread "http-nio-8080-exec-9"       daemon [_thread_blocked, id=12436, stack(0x000000c73e100000,0x000000c73e200000) (1024K)]
  0x000002b7c6996aa0 JavaThread "http-nio-8080-exec-10"      daemon [_thread_blocked, id=31988, stack(0x000000c73e200000,0x000000c73e300000) (1024K)]
  0x000002b7c69984e0 JavaThread "Catalina-utility-2"                [_thread_blocked, id=31604, stack(0x000000c73e300000,0x000000c73e400000) (1024K)]
  0x000002b7c6997130 JavaThread "container-0"                       [_thread_blocked, id=14496, stack(0x000000c73e400000,0x000000c73e500000) (1024K)]
  0x000002b7c6997e50 JavaThread "mssql-jdbc-shared-timer-core-0" daemon [_thread_blocked, id=24788, stack(0x000000c73e600000,0x000000c73e700000) (1024K)]
  0x000002b7c69949d0 JavaThread "HikariPool-1 housekeeper"   daemon [_thread_blocked, id=33360, stack(0x000000c73e700000,0x000000c73e800000) (1024K)]
  0x000002b7c6992270 JavaThread "File Watcher"               daemon [_thread_in_native, id=13876, stack(0x000000c73e900000,0x000000c73ea00000) (1024K)]
  0x000002b7eb37a4c0 JavaThread "Live Reload Server"         daemon [_thread_in_native, id=24724, stack(0x000000c73eb00000,0x000000c73ec00000) (1024K)]
  0x000002b7c6993620 JavaThread "http-nio-8080-Poller"       daemon [_thread_in_native, id=27756, stack(0x000000c73ea00000,0x000000c73eb00000) (1024K)]
  0x000002b7c88a6f80 JavaThread "http-nio-8080-Acceptor"     daemon [_thread_blocked, id=32992, stack(0x000000c73ec00000,0x000000c73ed00000) (1024K)]
  0x000002b7c88a2750 JavaThread "DestroyJavaVM"                     [_thread_blocked, id=10936, stack(0x000000c73ba00000,0x000000c73bb00000) (1024K)]
  0x000002b7c88a7610 JavaThread "HikariPool-1 connection closer" daemon [_thread_blocked, id=24796, stack(0x000000c73b700000,0x000000c73b800000) (1024K)]
  0x000002b7c88a0680 JavaThread "HikariPool-1 connection adder" daemon [_thread_blocked, id=23056, stack(0x000000c73b800000,0x000000c73b900000) (1024K)]
  0x000002b7c88a1a30 JavaThread "pool-1-thread-1"                   [_thread_blocked, id=24784, stack(0x000000c73b900000,0x000000c73ba00000) (1024K)]
  0x000002b7c88a20c0 JavaThread "pool-1-thread-2"                   [_thread_blocked, id=23052, stack(0x000000c73cb00000,0x000000c73cc00000) (1024K)]
Total: 35

Other Threads:
  0x000002b7eb34a820 VMThread "VM Thread"                           [id=25160, stack(0x000000c73c100000,0x000000c73c200000) (1024K)]
  0x000002b7eb334150 WatcherThread "VM Periodic Task Thread"        [id=20680, stack(0x000000c73c000000,0x000000c73c100000) (1024K)]
  0x000002b7cf56f040 WorkerThread "GC Thread#0"                     [id=33020, stack(0x000000c73bb00000,0x000000c73bc00000) (1024K)]
  0x000002b7c59e8e80 WorkerThread "GC Thread#1"                     [id=22392, stack(0x000000c73cf00000,0x000000c73d000000) (1024K)]
  0x000002b7c59e9230 WorkerThread "GC Thread#2"                     [id=26488, stack(0x000000c73d000000,0x000000c73d100000) (1024K)]
  0x000002b7c59e95e0 WorkerThread "GC Thread#3"                     [id=13916, stack(0x000000c73d100000,0x000000c73d200000) (1024K)]
  0x000002b7c59e9990 WorkerThread "GC Thread#4"                     [id=30040, stack(0x000000c73d200000,0x000000c73d300000) (1024K)]
  0x000002b7c59e9d40 WorkerThread "GC Thread#5"                     [id=29564, stack(0x000000c73d300000,0x000000c73d400000) (1024K)]
  0x000002b7c518e090 WorkerThread "GC Thread#6"                     [id=9124, stack(0x000000c73d500000,0x000000c73d600000) (1024K)]
  0x000002b7c518e440 WorkerThread "GC Thread#7"                     [id=31688, stack(0x000000c73d600000,0x000000c73d700000) (1024K)]
  0x000002b7cf57beb0 ConcurrentGCThread "G1 Main Marker"            [id=26036, stack(0x000000c73bc00000,0x000000c73bd00000) (1024K)]
  0x000002b7cf57d310 WorkerThread "G1 Conc#0"                       [id=17264, stack(0x000000c73bd00000,0x000000c73be00000) (1024K)]
  0x000002b7c59ea0f0 WorkerThread "G1 Conc#1"                       [id=27184, stack(0x000000c73d400000,0x000000c73d500000) (1024K)]
  0x000002b7eb209110 ConcurrentGCThread "G1 Refine#0"               [id=25056, stack(0x000000c73be00000,0x000000c73bf00000) (1024K)]
  0x000002b7eb209c90 ConcurrentGCThread "G1 Service"                [id=18020, stack(0x000000c73bf00000,0x000000c73c000000) (1024K)]
Total: 15

Threads with active compile tasks:
C2 CompilerThread0  139477 11925       4       org.springframework.web.servlet.mvc.method.RequestMappingInfoHandlerMapping::getMatchingMapping (10 bytes)
Total: 1

VM state: not at safepoint (normal execution)

VM Mutex/Monitor currently owned by a thread: None

Heap address: 0x00000000a0c00000, size: 1524 MB, Compressed Oops mode: 32-bit

CDS archive(s) mapped at: [0x000002b780000000-0x000002b780c50000-0x000002b780c50000), size 12910592, SharedBaseAddress: 0x000002b780000000, ArchiveRelocationMode: 1.
Compressed class space mapped at: 0x000002b781000000-0x000002b7c1000000, reserved size: 1073741824
Narrow klass base: 0x000002b780000000, Narrow klass shift: 0, Narrow klass range: 0x41000000

GC Precious Log:
 CardTable entry size: 512
 Card Set container configuration: InlinePtr #cards 5 size 8 Array Of Cards #cards 12 size 40 Howl #buckets 4 coarsen threshold 1843 Howl Bitmap #cards 512 size 80 coarsen threshold 460 Card regions per heap region 1 cards per card region 2048
 CPUs: 8 total, 8 available
 Memory: 6091M
 Large Page Support: Disabled
 NUMA Support: Disabled
 Compressed Oops: Enabled (32-bit)
 Heap Region Size: 1M
 Heap Min Capacity: 8M
 Heap Initial Capacity: 96M
 Heap Max Capacity: 1524M
 Pre-touch: Disabled
 Parallel Workers: 8
 Concurrent Workers: 2
 Concurrent Refinement Workers: 8
 Periodic GC: Disabled

Heap:
 garbage-first heap   total reserved 1560576K, committed 61440K, used 35505K [0x00000000a0c00000, 0x0000000100000000)
  region size 1024K, 3 young (3072K), 1 survivors (1024K)
 Metaspace       used 79157K, committed 80000K, reserved 1179648K
  class space    used 10619K, committed 11008K, reserved 1048576K

Heap Regions: E=young(eden), S=young(survivor), O=old, HS=humongous(starts), HC=humongous(continues), CS=collection set, F=free, TAMS=top-at-mark-start, PB=parsable bottom
|   0|0x00000000a0c00000, 0x00000000a0d00000, 0x00000000a0d00000|100%|HS|  |TAMS 0x00000000a0c00000| PB 0x00000000a0c00000| Complete |  0
|   1|0x00000000a0d00000, 0x00000000a0e00000, 0x00000000a0e00000|100%| O|  |TAMS 0x00000000a0d00000| PB 0x00000000a0d00000| Untracked |  0
|   2|0x00000000a0e00000, 0x00000000a0f00000, 0x00000000a0f00000|100%| O|  |TAMS 0x00000000a0e00000| PB 0x00000000a0e00000| Untracked |  0
|   3|0x00000000a0f00000, 0x00000000a1000000, 0x00000000a1000000|100%| O|  |TAMS 0x00000000a0f00000| PB 0x00000000a0f00000| Untracked |  0
|   4|0x00000000a1000000, 0x00000000a1100000, 0x00000000a1100000|100%| O|  |TAMS 0x00000000a1000000| PB 0x00000000a1000000| Untracked |  0
|   5|0x00000000a1100000, 0x00000000a1200000, 0x00000000a1200000|100%| O|  |TAMS 0x00000000a1100000| PB 0x00000000a1100000| Untracked |  0
|   6|0x00000000a1200000, 0x00000000a1300000, 0x00000000a1300000|100%| O|  |TAMS 0x00000000a1200000| PB 0x00000000a1200000| Untracked |  0
|   7|0x00000000a1300000, 0x00000000a1400000, 0x00000000a1400000|100%| O|  |TAMS 0x00000000a1300000| PB 0x00000000a1300000| Untracked |  0
|   8|0x00000000a1400000, 0x00000000a1500000, 0x00000000a1500000|100%| O|  |TAMS 0x00000000a1400000| PB 0x00000000a1400000| Untracked |  0
|   9|0x00000000a1500000, 0x00000000a1600000, 0x00000000a1600000|100%| O|  |TAMS 0x00000000a1500000| PB 0x00000000a1500000| Untracked |  0
|  10|0x00000000a1600000, 0x00000000a16d58b8, 0x00000000a1700000| 83%| O|  |TAMS 0x00000000a1600000| PB 0x00000000a1600000| Untracked |  0
|  11|0x00000000a1700000, 0x00000000a1800000, 0x00000000a1800000|100%| O|  |TAMS 0x00000000a1700000| PB 0x00000000a1700000| Untracked |  0
|  12|0x00000000a1800000, 0x00000000a1900000, 0x00000000a1900000|100%| O|  |TAMS 0x00000000a1800000| PB 0x00000000a1800000| Untracked |  0
|  13|0x00000000a1900000, 0x00000000a1a00000, 0x00000000a1a00000|100%| O|  |TAMS 0x00000000a1900000| PB 0x00000000a1900000| Untracked |  0
|  14|0x00000000a1a00000, 0x00000000a1b00000, 0x00000000a1b00000|100%| O|  |TAMS 0x00000000a1a00000| PB 0x00000000a1a00000| Untracked |  0
|  15|0x00000000a1b00000, 0x00000000a1c00000, 0x00000000a1c00000|100%| O|  |TAMS 0x00000000a1b00000| PB 0x00000000a1b00000| Untracked |  0
|  16|0x00000000a1c00000, 0x00000000a1d00000, 0x00000000a1d00000|100%| O|  |TAMS 0x00000000a1c00000| PB 0x00000000a1c00000| Untracked |  0
|  17|0x00000000a1d00000, 0x00000000a1e00000, 0x00000000a1e00000|100%| O|  |TAMS 0x00000000a1d00000| PB 0x00000000a1d00000| Untracked |  0
|  18|0x00000000a1e00000, 0x00000000a1f00000, 0x00000000a1f00000|100%| O|  |TAMS 0x00000000a1e00000| PB 0x00000000a1e00000| Untracked |  0
|  19|0x00000000a1f00000, 0x00000000a2000000, 0x00000000a2000000|100%| O|  |TAMS 0x00000000a1f00000| PB 0x00000000a1f00000| Untracked |  0
|  20|0x00000000a2000000, 0x00000000a2100000, 0x00000000a2100000|100%| O|  |TAMS 0x00000000a2000000| PB 0x00000000a2000000| Untracked |  0
|  21|0x00000000a2100000, 0x00000000a2200000, 0x00000000a2200000|100%| O|  |TAMS 0x00000000a2100000| PB 0x00000000a2100000| Untracked |  0
|  22|0x00000000a2200000, 0x00000000a2300000, 0x00000000a2300000|100%| O|  |TAMS 0x00000000a2200000| PB 0x00000000a2200000| Untracked |  0
|  23|0x00000000a2300000, 0x00000000a2400000, 0x00000000a2400000|100%| O|  |TAMS 0x00000000a2300000| PB 0x00000000a2300000| Untracked |  0
|  24|0x00000000a2400000, 0x00000000a2500000, 0x00000000a2500000|100%| O|  |TAMS 0x00000000a2400000| PB 0x00000000a2400000| Untracked |  0
|  25|0x00000000a2500000, 0x00000000a2600000, 0x00000000a2600000|100%| O|  |TAMS 0x00000000a2500000| PB 0x00000000a2500000| Untracked |  0
|  26|0x00000000a2600000, 0x00000000a2700000, 0x00000000a2700000|100%| O|  |TAMS 0x00000000a2600000| PB 0x00000000a2600000| Untracked |  0
|  27|0x00000000a2700000, 0x00000000a2700000, 0x00000000a2800000|  0%| F|  |TAMS 0x00000000a2700000| PB 0x00000000a2700000| Untracked |  0
|  28|0x00000000a2800000, 0x00000000a2900000, 0x00000000a2900000|100%| O|  |TAMS 0x00000000a2800000| PB 0x00000000a2800000| Untracked |  0
|  29|0x00000000a2900000, 0x00000000a2900000, 0x00000000a2a00000|  0%| F|  |TAMS 0x00000000a2900000| PB 0x00000000a2900000| Untracked |  0
|  30|0x00000000a2a00000, 0x00000000a2b00000, 0x00000000a2b00000|100%| O|  |TAMS 0x00000000a2a00000| PB 0x00000000a2a00000| Untracked |  0
|  31|0x00000000a2b00000, 0x00000000a2b00000, 0x00000000a2c00000|  0%| F|  |TAMS 0x00000000a2b00000| PB 0x00000000a2b00000| Untracked |  0
|  32|0x00000000a2c00000, 0x00000000a2d00000, 0x00000000a2d00000|100%| O|  |TAMS 0x00000000a2c00000| PB 0x00000000a2c00000| Untracked |  0
|  33|0x00000000a2d00000, 0x00000000a2e00000, 0x00000000a2e00000|100%| O|  |TAMS 0x00000000a2d00000| PB 0x00000000a2d00000| Untracked |  0
|  34|0x00000000a2e00000, 0x00000000a2f00000, 0x00000000a2f00000|100%| O|  |TAMS 0x00000000a2e00000| PB 0x00000000a2e00000| Untracked |  0
|  35|0x00000000a2f00000, 0x00000000a3000000, 0x00000000a3000000|100%| O|  |TAMS 0x00000000a2f00000| PB 0x00000000a2f00000| Untracked |  0
|  36|0x00000000a3000000, 0x00000000a30d6f20, 0x00000000a3100000| 83%| S|CS|TAMS 0x00000000a3000000| PB 0x00000000a3000000| Complete |  0
|  37|0x00000000a3100000, 0x00000000a3100000, 0x00000000a3200000|  0%| F|  |TAMS 0x00000000a3100000| PB 0x00000000a3100000| Untracked |  0
|  38|0x00000000a3200000, 0x00000000a3200000, 0x00000000a3300000|  0%| F|  |TAMS 0x00000000a3200000| PB 0x00000000a3200000| Untracked |  0
|  39|0x00000000a3300000, 0x00000000a3300000, 0x00000000a3400000|  0%| F|  |TAMS 0x00000000a3300000| PB 0x00000000a3300000| Untracked |  0
|  40|0x00000000a3400000, 0x00000000a3400000, 0x00000000a3500000|  0%| F|  |TAMS 0x00000000a3400000| PB 0x00000000a3400000| Untracked |  0
|  41|0x00000000a3500000, 0x00000000a3500000, 0x00000000a3600000|  0%| F|  |TAMS 0x00000000a3500000| PB 0x00000000a3500000| Untracked |  0
|  42|0x00000000a3600000, 0x00000000a3600000, 0x00000000a3700000|  0%| F|  |TAMS 0x00000000a3600000| PB 0x00000000a3600000| Untracked |  0
|  43|0x00000000a3700000, 0x00000000a3700000, 0x00000000a3800000|  0%| F|  |TAMS 0x00000000a3700000| PB 0x00000000a3700000| Untracked |  0
|  44|0x00000000a3800000, 0x00000000a3800000, 0x00000000a3900000|  0%| F|  |TAMS 0x00000000a3800000| PB 0x00000000a3800000| Untracked |  0
|  45|0x00000000a3900000, 0x00000000a3900000, 0x00000000a3a00000|  0%| F|  |TAMS 0x00000000a3900000| PB 0x00000000a3900000| Untracked |  0
|  46|0x00000000a3a00000, 0x00000000a3a00000, 0x00000000a3b00000|  0%| F|  |TAMS 0x00000000a3a00000| PB 0x00000000a3a00000| Untracked |  0
|  47|0x00000000a3b00000, 0x00000000a3b00000, 0x00000000a3c00000|  0%| F|  |TAMS 0x00000000a3b00000| PB 0x00000000a3b00000| Untracked |  0
|  48|0x00000000a3c00000, 0x00000000a3c00000, 0x00000000a3d00000|  0%| F|  |TAMS 0x00000000a3c00000| PB 0x00000000a3c00000| Untracked |  0
|  49|0x00000000a3d00000, 0x00000000a3d00000, 0x00000000a3e00000|  0%| F|  |TAMS 0x00000000a3d00000| PB 0x00000000a3d00000| Untracked |  0
|  50|0x00000000a3e00000, 0x00000000a3e00000, 0x00000000a3f00000|  0%| F|  |TAMS 0x00000000a3e00000| PB 0x00000000a3e00000| Untracked |  0
|  51|0x00000000a3f00000, 0x00000000a3f00000, 0x00000000a4000000|  0%| F|  |TAMS 0x00000000a3f00000| PB 0x00000000a3f00000| Untracked |  0
|  52|0x00000000a4000000, 0x00000000a4000000, 0x00000000a4100000|  0%| F|  |TAMS 0x00000000a4000000| PB 0x00000000a4000000| Untracked |  0
|  53|0x00000000a4100000, 0x00000000a4100000, 0x00000000a4200000|  0%| F|  |TAMS 0x00000000a4100000| PB 0x00000000a4100000| Untracked |  0
|  54|0x00000000a4200000, 0x00000000a4200000, 0x00000000a4300000|  0%| F|  |TAMS 0x00000000a4200000| PB 0x00000000a4200000| Untracked |  0
|  55|0x00000000a4300000, 0x00000000a4300000, 0x00000000a4400000|  0%| F|  |TAMS 0x00000000a4300000| PB 0x00000000a4300000| Untracked |  0
|  56|0x00000000a4400000, 0x00000000a4400000, 0x00000000a4500000|  0%| F|  |TAMS 0x00000000a4400000| PB 0x00000000a4400000| Untracked |  0
|  57|0x00000000a4500000, 0x00000000a4500000, 0x00000000a4600000|  0%| F|  |TAMS 0x00000000a4500000| PB 0x00000000a4500000| Untracked |  0
|  58|0x00000000a4600000, 0x00000000a4645d18, 0x00000000a4700000| 27%| E|  |TAMS 0x00000000a4600000| PB 0x00000000a4600000| Complete |  0
|  95|0x00000000a6b00000, 0x00000000a6c00000, 0x00000000a6c00000|100%| E|CS|TAMS 0x00000000a6b00000| PB 0x00000000a6b00000| Complete |  0

Card table byte_map: [0x000002b7e6e90000,0x000002b7e7190000] _byte_map_base: 0x000002b7e698a000

Marking Bits: (CMBitMap*) 0x000002b7cf56f750
 Bits: [0x000002b7e7190000, 0x000002b7e8960000)

Polling page: 0x000002b7cd470000

Metaspace:

Usage:
  Non-class:     66.93 MB used.
      Class:     10.37 MB used.
       Both:     77.30 MB used.

Virtual space:
  Non-class space:      128.00 MB reserved,      67.38 MB ( 53%) committed,  2 nodes.
      Class space:        1.00 GB reserved,      10.75 MB (  1%) committed,  1 nodes.
             Both:        1.12 GB reserved,      78.12 MB (  7%) committed. 

Chunk freelists:
   Non-Class:  12.20 MB
       Class:  5.11 MB
        Both:  17.31 MB

MaxMetaspaceSize: unlimited
CompressedClassSpaceSize: 1.00 GB
Initial GC threshold: 21.00 MB
Current GC threshold: 129.19 MB
CDS: on
 - commit_granule_bytes: 65536.
 - commit_granule_words: 8192.
 - virtual_space_node_default_size: 8388608.
 - enlarge_chunks_in_place: 1.
 - use_allocation_guard: 0.


Internal statistics:

num_allocs_failed_limit: 6.
num_arena_births: 1236.
num_arena_deaths: 54.
num_vsnodes_births: 3.
num_vsnodes_deaths: 0.
num_space_committed: 1250.
num_space_uncommitted: 0.
num_chunks_returned_to_freelist: 85.
num_chunks_taken_from_freelist: 4074.
num_chunk_merges: 37.
num_chunk_splits: 2868.
num_chunks_enlarged: 2137.
num_inconsistent_stats: 0.

CodeHeap 'non-profiled nmethods': size=120000Kb used=8026Kb max_used=8026Kb free=111973Kb
 bounds [0x000002b7df330000, 0x000002b7dfb10000, 0x000002b7e6860000]
CodeHeap 'profiled nmethods': size=120000Kb used=18201Kb max_used=20057Kb free=101798Kb
 bounds [0x000002b7d7860000, 0x000002b7d8c00000, 0x000002b7ded90000]
CodeHeap 'non-nmethods': size=5760Kb used=1786Kb max_used=1851Kb free=3973Kb
 bounds [0x000002b7ded90000, 0x000002b7df000000, 0x000002b7df330000]
 total_blobs=10472 nmethods=9681 adapters=694
 compilation: enabled
              stopped_count=0, restarted_count=0
 full_count=0

Compilation events (20 events):
Event: 138.987 Thread 0x000002b7eb382db0 11932   !   3       java.util.ResourceBundle::findBundleInCache (327 bytes)
Event: 138.992 Thread 0x000002b7eb382db0 nmethod 11932 0x000002b7d85d0e10 code [0x000002b7d85d1280, 0x000002b7d85d3928]
Event: 138.992 Thread 0x000002b7eb382db0 11933       3       java.util.ResourceBundle$CacheKey::setLocale (7 bytes)
Event: 138.992 Thread 0x000002b7eb382db0 nmethod 11933 0x000002b7d7d86610 code [0x000002b7d7d867a0, 0x000002b7d7d86900]
Event: 138.992 Thread 0x000002b7eb382db0 11936   !   3       org.apache.catalina.core.ApplicationFilterChain::internalDoFilter (386 bytes)
Event: 138.996 Thread 0x000002b7eb382db0 nmethod 11936 0x000002b7d84dac10 code [0x000002b7d84db160, 0x000002b7d84de730]
Event: 138.996 Thread 0x000002b7eb382db0 11937       1       java.time.ZoneOffset::getTotalSeconds (5 bytes)
Event: 138.997 Thread 0x000002b7eb382db0 nmethod 11937 0x000002b7dfb05510 code [0x000002b7dfb056a0, 0x000002b7dfb05768]
Event: 138.997 Thread 0x000002b7eb382db0 11938       1       org.springframework.boot.logging.LoggingSystemProperty::getEnvironmentVariableName (5 bytes)
Event: 138.997 Thread 0x000002b7eb382db0 nmethod 11938 0x000002b7dfb05810 code [0x000002b7dfb059a0, 0x000002b7dfb05a68]
Event: 139.008 Thread 0x000002b7eb382db0 11939       3       sun.nio.ch.SocketOptionRegistry$RegistryKey::equals (48 bytes)
Event: 139.008 Thread 0x000002b7eb382db0 nmethod 11939 0x000002b7d858d010 code [0x000002b7d858d1e0, 0x000002b7d858d628]
Event: 139.008 Thread 0x000002b7eb382db0 11940       3       sun.nio.ch.SocketOptionRegistry::findOption (23 bytes)
Event: 139.009 Thread 0x000002b7eb382db0 nmethod 11940 0x000002b7d8369690 code [0x000002b7d8369860, 0x000002b7d8369d60]
Event: 139.009 Thread 0x000002b7eb382db0 11941       2       com.microsoft.sqlserver.jdbc.SQLServerConnection::toString (30 bytes)
Event: 139.011 Thread 0x000002b7eb382db0 nmethod 11941 0x000002b7d8478f90 code [0x000002b7d84791c0, 0x000002b7d8479648]
Event: 139.011 Thread 0x000002b7eb382db0 11942       3       org.apache.tomcat.util.http.MimeHeaders::createHeader (158 bytes)
Event: 139.013 Thread 0x000002b7eb382db0 nmethod 11942 0x000002b7d7c09290 code [0x000002b7d7c09520, 0x000002b7d7c0a560]
Event: 139.018 Thread 0x000002b7eb382db0 11943       3       java.util.IdentityHashMap::maskNull (12 bytes)
Event: 139.018 Thread 0x000002b7eb382db0 nmethod 11943 0x000002b7d7e1fd10 code [0x000002b7d7e1fea0, 0x000002b7d7e1ffd8]

GC Heap History (20 events):
Event: 75.572 GC heap before
{Heap before GC invocations=34 (full 0):
 garbage-first heap   total reserved 1560576K, committed 61440K, used 55090K [0x00000000a0c00000, 0x0000000100000000)
  region size 1024K, 22 young (22528K), 1 survivors (1024K)
 Metaspace       used 78569K, committed 79424K, reserved 1179648K
  class space    used 10530K, committed 10944K, reserved 1048576K
}
Event: 75.574 GC heap after
{Heap after GC invocations=35 (full 0):
 garbage-first heap   total reserved 1560576K, committed 61440K, used 34608K [0x00000000a0c00000, 0x0000000100000000)
  region size 1024K, 1 young (1024K), 1 survivors (1024K)
 Metaspace       used 78569K, committed 79424K, reserved 1179648K
  class space    used 10530K, committed 10944K, reserved 1048576K
}
Event: 81.210 GC heap before
{Heap before GC invocations=35 (full 0):
 garbage-first heap   total reserved 1560576K, committed 61440K, used 55088K [0x00000000a0c00000, 0x0000000100000000)
  region size 1024K, 22 young (22528K), 1 survivors (1024K)
 Metaspace       used 78576K, committed 79424K, reserved 1179648K
  class space    used 10530K, committed 10944K, reserved 1048576K
}
Event: 81.214 GC heap after
{Heap after GC invocations=36 (full 0):
 garbage-first heap   total reserved 1560576K, committed 61440K, used 34229K [0x00000000a0c00000, 0x0000000100000000)
  region size 1024K, 1 young (1024K), 1 survivors (1024K)
 Metaspace       used 78576K, committed 79424K, reserved 1179648K
  class space    used 10530K, committed 10944K, reserved 1048576K
}
Event: 85.135 GC heap before
{Heap before GC invocations=36 (full 0):
 garbage-first heap   total reserved 1560576K, committed 61440K, used 55733K [0x00000000a0c00000, 0x0000000100000000)
  region size 1024K, 23 young (23552K), 1 survivors (1024K)
 Metaspace       used 78577K, committed 79424K, reserved 1179648K
  class space    used 10530K, committed 10944K, reserved 1048576K
}
Event: 85.139 GC heap after
{Heap after GC invocations=37 (full 0):
 garbage-first heap   total reserved 1560576K, committed 61440K, used 34219K [0x00000000a0c00000, 0x0000000100000000)
  region size 1024K, 1 young (1024K), 1 survivors (1024K)
 Metaspace       used 78577K, committed 79424K, reserved 1179648K
  class space    used 10530K, committed 10944K, reserved 1048576K
}
Event: 90.733 GC heap before
{Heap before GC invocations=38 (full 0):
 garbage-first heap   total reserved 1560576K, committed 61440K, used 55723K [0x00000000a0c00000, 0x0000000100000000)
  region size 1024K, 23 young (23552K), 1 survivors (1024K)
 Metaspace       used 78590K, committed 79424K, reserved 1179648K
  class space    used 10531K, committed 10944K, reserved 1048576K
}
Event: 90.736 GC heap after
{Heap after GC invocations=39 (full 0):
 garbage-first heap   total reserved 1560576K, committed 61440K, used 34221K [0x00000000a0c00000, 0x0000000100000000)
  region size 1024K, 1 young (1024K), 1 survivors (1024K)
 Metaspace       used 78590K, committed 79424K, reserved 1179648K
  class space    used 10531K, committed 10944K, reserved 1048576K
}
Event: 95.549 GC heap before
{Heap before GC invocations=39 (full 0):
 garbage-first heap   total reserved 1560576K, committed 61440K, used 56749K [0x00000000a0c00000, 0x0000000100000000)
  region size 1024K, 23 young (23552K), 1 survivors (1024K)
 Metaspace       used 78595K, committed 79424K, reserved 1179648K
  class space    used 10531K, committed 10944K, reserved 1048576K
}
Event: 95.552 GC heap after
{Heap after GC invocations=40 (full 0):
 garbage-first heap   total reserved 1560576K, committed 61440K, used 34047K [0x00000000a0c00000, 0x0000000100000000)
  region size 1024K, 1 young (1024K), 1 survivors (1024K)
 Metaspace       used 78595K, committed 79424K, reserved 1179648K
  class space    used 10531K, committed 10944K, reserved 1048576K
}
Event: 99.361 GC heap before
{Heap before GC invocations=40 (full 0):
 garbage-first heap   total reserved 1560576K, committed 61440K, used 55551K [0x00000000a0c00000, 0x0000000100000000)
  region size 1024K, 23 young (23552K), 1 survivors (1024K)
 Metaspace       used 78595K, committed 79424K, reserved 1179648K
  class space    used 10531K, committed 10944K, reserved 1048576K
}
Event: 99.365 GC heap after
{Heap after GC invocations=41 (full 0):
 garbage-first heap   total reserved 1560576K, committed 61440K, used 34133K [0x00000000a0c00000, 0x0000000100000000)
  region size 1024K, 1 young (1024K), 1 survivors (1024K)
 Metaspace       used 78595K, committed 79424K, reserved 1179648K
  class space    used 10531K, committed 10944K, reserved 1048576K
}
Event: 104.034 GC heap before
{Heap before GC invocations=42 (full 0):
 garbage-first heap   total reserved 1560576K, committed 61440K, used 56661K [0x00000000a0c00000, 0x0000000100000000)
  region size 1024K, 23 young (23552K), 1 survivors (1024K)
 Metaspace       used 78596K, committed 79424K, reserved 1179648K
  class space    used 10531K, committed 10944K, reserved 1048576K
}
Event: 104.037 GC heap after
{Heap after GC invocations=43 (full 0):
 garbage-first heap   total reserved 1560576K, committed 61440K, used 34076K [0x00000000a0c00000, 0x0000000100000000)
  region size 1024K, 1 young (1024K), 1 survivors (1024K)
 Metaspace       used 78596K, committed 79424K, reserved 1179648K
  class space    used 10531K, committed 10944K, reserved 1048576K
}
Event: 107.821 GC heap before
{Heap before GC invocations=43 (full 0):
 garbage-first heap   total reserved 1560576K, committed 61440K, used 56604K [0x00000000a0c00000, 0x0000000100000000)
  region size 1024K, 23 young (23552K), 1 survivors (1024K)
 Metaspace       used 78598K, committed 79424K, reserved 1179648K
  class space    used 10531K, committed 10944K, reserved 1048576K
}
Event: 107.825 GC heap after
{Heap after GC invocations=44 (full 0):
 garbage-first heap   total reserved 1560576K, committed 61440K, used 33910K [0x00000000a0c00000, 0x0000000100000000)
  region size 1024K, 1 young (1024K), 1 survivors (1024K)
 Metaspace       used 78598K, committed 79424K, reserved 1179648K
  class space    used 10531K, committed 10944K, reserved 1048576K
}
Event: 111.864 GC heap before
{Heap before GC invocations=44 (full 0):
 garbage-first heap   total reserved 1560576K, committed 61440K, used 55414K [0x00000000a0c00000, 0x0000000100000000)
  region size 1024K, 23 young (23552K), 1 survivors (1024K)
 Metaspace       used 78598K, committed 79424K, reserved 1179648K
  class space    used 10531K, committed 10944K, reserved 1048576K
}
Event: 111.867 GC heap after
{Heap after GC invocations=45 (full 0):
 garbage-first heap   total reserved 1560576K, committed 61440K, used 33938K [0x00000000a0c00000, 0x0000000100000000)
  region size 1024K, 1 young (1024K), 1 survivors (1024K)
 Metaspace       used 78598K, committed 79424K, reserved 1179648K
  class space    used 10531K, committed 10944K, reserved 1048576K
}
Event: 129.355 GC heap before
{Heap before GC invocations=46 (full 0):
 garbage-first heap   total reserved 1560576K, committed 61440K, used 55442K [0x00000000a0c00000, 0x0000000100000000)
  region size 1024K, 23 young (23552K), 1 survivors (1024K)
 Metaspace       used 78617K, committed 79424K, reserved 1179648K
  class space    used 10531K, committed 10944K, reserved 1048576K
}
Event: 129.357 GC heap after
{Heap after GC invocations=47 (full 0):
 garbage-first heap   total reserved 1560576K, committed 61440K, used 34104K [0x00000000a0c00000, 0x0000000100000000)
  region size 1024K, 1 young (1024K), 1 survivors (1024K)
 Metaspace       used 78617K, committed 79424K, reserved 1179648K
  class space    used 10531K, committed 10944K, reserved 1048576K
}

Dll operation events (15 events):
Event: 0.030 Loaded shared library C:\Users\sugithi satheesh\.jdks\openjdk-22\bin\java.dll
Event: 0.099 Loaded shared library C:\Users\sugithi satheesh\.jdks\openjdk-22\bin\jsvml.dll
Event: 0.366 Loaded shared library C:\Users\sugithi satheesh\.jdks\openjdk-22\bin\zip.dll
Event: 0.379 Loaded shared library C:\Users\sugithi satheesh\.jdks\openjdk-22\bin\instrument.dll
Event: 0.394 Loaded shared library C:\Users\sugithi satheesh\.jdks\openjdk-22\bin\net.dll
Event: 0.399 Loaded shared library C:\Users\sugithi satheesh\.jdks\openjdk-22\bin\nio.dll
Event: 0.406 Loaded shared library C:\Users\sugithi satheesh\.jdks\openjdk-22\bin\zip.dll
Event: 0.644 Loaded shared library D:\intellij Idea\IntelliJ IDEA Community Edition 2023.1.3\bin\breakgen64.dll
Event: 0.684 Loaded shared library C:\Users\sugithi satheesh\.jdks\openjdk-22\bin\extnet.dll
Event: 0.844 Loaded shared library C:\Users\sugithi satheesh\.jdks\openjdk-22\bin\jimage.dll
Event: 2.103 Loaded shared library C:\Users\sugithi satheesh\.jdks\openjdk-22\bin\management.dll
Event: 2.115 Loaded shared library C:\Users\sugithi satheesh\.jdks\openjdk-22\bin\management_ext.dll
Event: 5.097 Loaded shared library C:\Users\sugithi satheesh\.jdks\openjdk-22\bin\le.dll
Event: 8.465 Loaded shared library C:\Users\sugithi satheesh\.jdks\openjdk-22\bin\sunmscapi.dll
Event: 19.727 Loaded shared library C:\Users\sugithi satheesh\.jdks\openjdk-22\bin\verify.dll

Deoptimization events (20 events):
Event: 138.997 Thread 0x000002b7c6990ec0 DEOPT PACKING pc=0x000002b7df8e51e8 sp=0x000000c73e1fb6f0
Event: 138.997 Thread 0x000002b7c6990ec0 DEOPT UNPACKING pc=0x000002b7dede4e42 sp=0x000000c73e1fa950 mode 0
Event: 139.048 Thread 0x000002b7c88a7610 Uncommon trap: trap_request=0xffffffde fr.pc=0x000002b7df9407d8 relative=0x0000000000000fb8
Event: 139.049 Thread 0x000002b7c88a7610 Uncommon trap: reason=class_check action=maybe_recompile pc=0x000002b7df9407d8 method=com.microsoft.sqlserver.jdbc.TDSChannel$ProxyOutputStream.writeInternal([BII)V @ 35 c2
Event: 139.049 Thread 0x000002b7c88a7610 DEOPT PACKING pc=0x000002b7df9407d8 sp=0x000000c73b7fed80
Event: 139.049 Thread 0x000002b7c88a7610 DEOPT UNPACKING pc=0x000002b7dede46a2 sp=0x000000c73b7fed30 mode 2
Event: 139.049 Thread 0x000002b7c88a7610 Uncommon trap: trap_request=0xffffffde fr.pc=0x000002b7df98b650 relative=0x00000000000000b0
Event: 139.049 Thread 0x000002b7c88a7610 Uncommon trap: reason=class_check action=maybe_recompile pc=0x000002b7df98b650 method=com.microsoft.sqlserver.jdbc.TDSChannel$ProxyOutputStream.flush()V @ 31 c2
Event: 139.049 Thread 0x000002b7c88a7610 DEOPT PACKING pc=0x000002b7df98b650 sp=0x000000c73b7fee40
Event: 139.049 Thread 0x000002b7c88a7610 DEOPT UNPACKING pc=0x000002b7dede46a2 sp=0x000000c73b7fedd0 mode 2
Event: 139.049 Thread 0x000002b7c88a7610 Uncommon trap: trap_request=0xffffff45 fr.pc=0x000002b7df8fbd1c relative=0x00000000000000fc
Event: 139.049 Thread 0x000002b7c88a7610 Uncommon trap: reason=unstable_if action=reinterpret pc=0x000002b7df8fbd1c method=sun.security.ssl.SSLSocketInputRecord.read(Ljava/io/InputStream;[BII)I @ 11 c2
Event: 139.049 Thread 0x000002b7c88a7610 DEOPT PACKING pc=0x000002b7df8fbd1c sp=0x000000c73b7febd0
Event: 139.049 Thread 0x000002b7c88a7610 DEOPT UNPACKING pc=0x000002b7dede46a2 sp=0x000000c73b7feaf8 mode 2
Event: 139.065 Thread 0x000002b7c6996aa0 DEOPT PACKING pc=0x000002b7df8e51e8 sp=0x000000c73e2fb1e0
Event: 139.065 Thread 0x000002b7c6996aa0 DEOPT UNPACKING pc=0x000002b7dede4e42 sp=0x000000c73e2fa440 mode 0
Event: 139.161 Thread 0x000002b7c88a0680 Uncommon trap: trap_request=0xffffffde fr.pc=0x000002b7df88c00c relative=0x0000000000000a6c
Event: 139.161 Thread 0x000002b7c88a0680 Uncommon trap: reason=class_check action=maybe_recompile pc=0x000002b7df88c00c method=com.microsoft.sqlserver.jdbc.TDSChannel.write([BII)V @ 26 c2
Event: 139.161 Thread 0x000002b7c88a0680 DEOPT PACKING pc=0x000002b7df88c00c sp=0x000000c73b8fe590
Event: 139.161 Thread 0x000002b7c88a0680 DEOPT UNPACKING pc=0x000002b7dede46a2 sp=0x000000c73b8fe560 mode 2

Classes loaded (20 events):
Event: 138.339 Loading class java/lang/Throwable$WrappedPrintWriter
Event: 138.340 Loading class java/lang/Throwable$PrintStreamOrWriter
Event: 138.340 Loading class java/lang/Throwable$PrintStreamOrWriter done
Event: 138.340 Loading class java/lang/Throwable$WrappedPrintWriter done
Event: 138.917 Loading class sun/security/ssl/Alert
Event: 138.921 Loading class sun/security/ssl/Alert done
Event: 138.921 Loading class sun/security/ssl/Alert$AlertConsumer
Event: 138.922 Loading class sun/security/ssl/Alert$AlertConsumer done
Event: 138.922 Loading class sun/security/ssl/Alert$Level
Event: 138.923 Loading class sun/security/ssl/Alert$Level done
Event: 138.924 Loading class javax/crypto/AEADBadTagException
Event: 138.925 Loading class javax/crypto/BadPaddingException
Event: 138.925 Loading class javax/crypto/BadPaddingException done
Event: 138.925 Loading class javax/crypto/AEADBadTagException done
Event: 138.925 Loading class javax/net/ssl/SSLHandshakeException
Event: 138.925 Loading class javax/net/ssl/SSLHandshakeException done
Event: 139.007 Loading class sun/net/ConnectionResetException
Event: 139.008 Loading class sun/net/ConnectionResetException done
Event: 139.121 Loading class java/util/function/LongUnaryOperator
Event: 139.127 Loading class java/util/function/LongUnaryOperator done

Classes unloaded (20 events):
Event: 44.499 Thread 0x000002b7eb34a820 Unloading class 0x000002b781a8c000 'java/lang/invoke/LambdaForm$MH+0x000002b781a8c000'
Event: 44.499 Thread 0x000002b7eb34a820 Unloading class 0x000002b781a8c400 'java/lang/invoke/LambdaForm$MH+0x000002b781a8c400'
Event: 44.499 Thread 0x000002b7eb34a820 Unloading class 0x000002b781a8bc00 'java/lang/invoke/LambdaForm$DMH+0x000002b781a8bc00'
Event: 44.499 Thread 0x000002b7eb34a820 Unloading class 0x000002b781a8b400 'java/lang/invoke/LambdaForm$MH+0x000002b781a8b400'
Event: 44.499 Thread 0x000002b7eb34a820 Unloading class 0x000002b781a8b000 'java/lang/invoke/LambdaForm$MH+0x000002b781a8b000'
Event: 44.499 Thread 0x000002b7eb34a820 Unloading class 0x000002b781a8a800 'java/lang/invoke/LambdaForm$MH+0x000002b781a8a800'
Event: 44.499 Thread 0x000002b7eb34a820 Unloading class 0x000002b781a8ac00 'java/lang/invoke/LambdaForm$MH+0x000002b781a8ac00'
Event: 44.499 Thread 0x000002b7eb34a820 Unloading class 0x000002b781a8a400 'java/lang/invoke/LambdaForm$MH+0x000002b781a8a400'
Event: 44.499 Thread 0x000002b7eb34a820 Unloading class 0x000002b781a89c00 'java/lang/invoke/LambdaForm$MH+0x000002b781a89c00'
Event: 44.499 Thread 0x000002b7eb34a820 Unloading class 0x000002b781a89800 'java/lang/invoke/LambdaForm$MH+0x000002b781a89800'
Event: 44.499 Thread 0x000002b7eb34a820 Unloading class 0x000002b781a89400 'java/lang/invoke/LambdaForm$MH+0x000002b781a89400'
Event: 44.499 Thread 0x000002b7eb34a820 Unloading class 0x000002b781a89000 'java/lang/invoke/LambdaForm$DMH+0x000002b781a89000'
Event: 44.499 Thread 0x000002b7eb34a820 Unloading class 0x000002b781a88c00 'java/lang/invoke/LambdaForm$DMH+0x000002b781a88c00'
Event: 44.499 Thread 0x000002b7eb34a820 Unloading class 0x000002b781a88800 'java/lang/invoke/LambdaForm$DMH+0x000002b781a88800'
Event: 44.499 Thread 0x000002b7eb34a820 Unloading class 0x000002b781a88000 'java/lang/invoke/LambdaForm$DMH+0x000002b781a88000'
Event: 44.499 Thread 0x000002b7eb34a820 Unloading class 0x000002b781a85400 'java/lang/invoke/LambdaForm$DMH+0x000002b781a85400'
Event: 44.499 Thread 0x000002b7eb34a820 Unloading class 0x000002b781a85000 'java/lang/invoke/LambdaForm$DMH+0x000002b781a85000'
Event: 44.499 Thread 0x000002b7eb34a820 Unloading class 0x000002b781a84c00 'java/lang/invoke/LambdaForm$DMH+0x000002b781a84c00'
Event: 44.499 Thread 0x000002b7eb34a820 Unloading class 0x000002b781a84800 'java/lang/invoke/LambdaForm$DMH+0x000002b781a84800'
Event: 44.499 Thread 0x000002b7eb34a820 Unloading class 0x000002b781a84400 'java/lang/invoke/LambdaForm$DMH+0x000002b781a84400'

Classes redefined (0 events):
No events

Internal exceptions (20 events):
Event: 138.131 Thread 0x000002b7c6990ec0 Exception <a 'java/lang/NoSuchMethodError'{0x00000000a417ea10}: 'java.lang.Object java.lang.invoke.DirectMethodHandle$Holder.invokeSpecial(java.lang.Object, java.lang.Object, int, int, int, java.lang.Object)'> (0x00000000a417ea10) 
thrown [s\open\src\hotspot\share\interpreter\linkResolver.cpp, line 774]
Event: 138.135 Thread 0x000002b7c6990ec0 Exception <a 'java/lang/NoSuchMethodError'{0x00000000a4182638}: 'java.lang.Object java.lang.invoke.Invokers$Holder.linkToTargetMethod(int, int, int, java.lang.Object, java.lang.Object)'> (0x00000000a4182638) 
thrown [s\open\src\hotspot\share\interpreter\linkResolver.cpp, line 774]
Event: 138.282 Thread 0x000002b7c69977c0 Implicit null exception at 0x000002b7df6c2168 to 0x000002b7df6c3088
Event: 138.282 Thread 0x000002b7c6992f90 Implicit null exception at 0x000002b7df6c2168 to 0x000002b7df6c3088
Event: 138.311 Thread 0x000002b7c69956f0 Implicit null exception at 0x000002b7dfae654b to 0x000002b7dfae65fe
Event: 138.311 Thread 0x000002b7c6992f90 Implicit null exception at 0x000002b7dfae654b to 0x000002b7dfae65fe
Event: 138.311 Thread 0x000002b7c6996410 Implicit null exception at 0x000002b7dfae654b to 0x000002b7dfae65fe
Event: 138.355 Thread 0x000002b7c6992f90 Implicit null exception at 0x000002b7df9da89c to 0x000002b7df9dac40
Event: 138.420 Thread 0x000002b7c6992f90 Implicit null exception at 0x000002b7df9488b9 to 0x000002b7df9491ac
Event: 138.420 Thread 0x000002b7c69956f0 Implicit null exception at 0x000002b7df9488b9 to 0x000002b7df9491ac
Event: 138.422 Thread 0x000002b7c69956f0 Implicit null exception at 0x000002b7df8ddd09 to 0x000002b7df8de0f4
Event: 138.422 Thread 0x000002b7c6992f90 Implicit null exception at 0x000002b7df8ddd09 to 0x000002b7df8de0f4
Event: 138.465 Thread 0x000002b7c69956f0 Implicit null exception at 0x000002b7dfa48a8b to 0x000002b7dfa48b60
Event: 138.510 Thread 0x000002b7c6991550 Exception <a 'java/io/IOException'{0x00000000a3c37e80}> (0x00000000a3c37e80) 
thrown [s\open\src\hotspot\share\prims\jni.cpp, line 520]
Event: 138.548 Thread 0x000002b7c6991550 Exception <a 'java/io/IOException'{0x00000000a3cfe4f0}> (0x00000000a3cfe4f0) 
thrown [s\open\src\hotspot\share\prims\jni.cpp, line 520]
Event: 138.892 Thread 0x000002b7c6996aa0 Implicit null exception at 0x000002b7df91a73a to 0x000002b7df91b074
Event: 138.892 Thread 0x000002b7c6996aa0 Implicit null exception at 0x000002b7df91c027 to 0x000002b7df91c850
Event: 139.008 Thread 0x000002b7c88a0680 Exception <a 'sun/net/ConnectionResetException'{0x00000000a3504b78}: Connection reset> (0x00000000a3504b78) 
thrown [s\open\src\hotspot\share\prims\jni.cpp, line 539]
Event: 139.128 Thread 0x000002b7c88a0680 Exception <a 'java/lang/NoSuchMethodError'{0x00000000a3224970}: 'long java.lang.invoke.DirectMethodHandle$Holder.invokeStatic(java.lang.Object, long)'> (0x00000000a3224970) 
thrown [s\open\src\hotspot\share\interpreter\linkResolver.cpp, line 774]
Event: 139.181 Thread 0x000002b7c88a0680 Exception <a 'sun/net/ConnectionResetException'{0x00000000a322c1b8}: Connection reset> (0x00000000a322c1b8) 
thrown [s\open\src\hotspot\share\prims\jni.cpp, line 539]

ZGC Phase Switch (0 events):
No events

VM Operations (20 events):
Event: 124.491 Executing VM operation: Cleanup
Event: 124.491 Executing VM operation: Cleanup done
Event: 127.498 Executing VM operation: Cleanup
Event: 127.499 Executing VM operation: Cleanup done
Event: 129.355 Executing VM operation: G1CollectForAllocation (G1 Evacuation Pause)
Event: 129.357 Executing VM operation: G1CollectForAllocation (G1 Evacuation Pause) done
Event: 130.362 Executing VM operation: Cleanup
Event: 130.362 Executing VM operation: Cleanup done
Event: 131.364 Executing VM operation: Cleanup
Event: 131.364 Executing VM operation: Cleanup done
Event: 133.370 Executing VM operation: Cleanup
Event: 133.370 Executing VM operation: Cleanup done
Event: 138.395 Executing VM operation: HandshakeAllThreads (Deoptimize)
Event: 138.395 Executing VM operation: HandshakeAllThreads (Deoptimize) done
Event: 138.395 Executing VM operation: Cleanup
Event: 138.395 Executing VM operation: Cleanup done
Event: 138.457 Executing VM operation: HandshakeAllThreads (Deoptimize)
Event: 138.458 Executing VM operation: HandshakeAllThreads (Deoptimize) done
Event: 138.928 Executing VM operation: HandshakeAllThreads (Deoptimize)
Event: 138.928 Executing VM operation: HandshakeAllThreads (Deoptimize) done

Events (20 events):
Event: 111.938 Thread 0x000002b7eb34a820 flushing nmethod 0x000002b7d7bf7d10
Event: 111.938 Thread 0x000002b7eb34a820 flushing nmethod 0x000002b7d7c03b90
Event: 111.938 Thread 0x000002b7eb34a820 flushing nmethod 0x000002b7d849dd90
Event: 111.938 Thread 0x000002b7eb34a820 flushing nmethod 0x000002b7d84a4b90
Event: 111.938 Thread 0x000002b7eb34a820 flushing nmethod 0x000002b7d8526a10
Event: 111.938 Thread 0x000002b7eb34a820 flushing nmethod 0x000002b7d8528590
Event: 111.938 Thread 0x000002b7eb34a820 flushing nmethod 0x000002b7d8529390
Event: 111.938 Thread 0x000002b7eb34a820 flushing nmethod 0x000002b7d85cdc10
Event: 111.938 Thread 0x000002b7eb34a820 flushing nmethod 0x000002b7d85ff210
Event: 111.938 Thread 0x000002b7eb34a820 flushing nmethod 0x000002b7d8600b10
Event: 111.938 Thread 0x000002b7eb34a820 flushing nmethod 0x000002b7d8604090
Event: 111.938 Thread 0x000002b7eb34a820 flushing nmethod 0x000002b7d8607590
Event: 111.938 Thread 0x000002b7eb34a820 flushing nmethod 0x000002b7d86d4290
Event: 111.938 Thread 0x000002b7eb34a820 flushing nmethod 0x000002b7d86f7210
Event: 132.526 Thread 0x000002b7c88a5bd0 Thread added: 0x000002b7c88a5bd0
Event: 137.973 Thread 0x000002b7c88a5bd0 Thread exited: 0x000002b7c88a5bd0
Event: 138.913 Thread 0x000002b7c88a7610 Thread added: 0x000002b7c88a7610
Event: 138.933 Thread 0x000002b7c88a0680 Thread added: 0x000002b7c88a0680
Event: 139.151 Thread 0x000002b7c88a1a30 Thread added: 0x000002b7c88a1a30
Event: 139.153 Thread 0x000002b7c88a20c0 Thread added: 0x000002b7c88a20c0


Dynamic libraries:
0x00007ff628fd0000 - 0x00007ff628fde000 	C:\Users\sugithi satheesh\.jdks\openjdk-22\bin\java.exe
0x00007ff87e6d0000 - 0x00007ff87e8e7000 	C:\WINDOWS\SYSTEM32\ntdll.dll
0x00007ff87ca10000 - 0x00007ff87cad4000 	C:\WINDOWS\System32\KERNEL32.DLL
0x00007ff87ba20000 - 0x00007ff87bdc7000 	C:\WINDOWS\System32\KERNELBASE.dll
0x00007ff87c0d0000 - 0x00007ff87c1e1000 	C:\WINDOWS\System32\ucrtbase.dll
0x00007ff8641c0000 - 0x00007ff8641db000 	C:\Users\sugithi satheesh\.jdks\openjdk-22\bin\VCRUNTIME140.dll
0x00007ff8641a0000 - 0x00007ff8641b7000 	C:\Users\sugithi satheesh\.jdks\openjdk-22\bin\jli.dll
0x00007ff87c860000 - 0x00007ff87ca0e000 	C:\WINDOWS\System32\USER32.dll
0x00007ff87b9f0000 - 0x00007ff87ba16000 	C:\WINDOWS\System32\win32u.dll
0x00007ff867a50000 - 0x00007ff867ce3000 	C:\WINDOWS\WinSxS\amd64_microsoft.windows.common-controls_6595b64144ccf1df_6.0.22621.3527_none_270e469b73872a76\COMCTL32.dll
0x00007ff87d1c0000 - 0x00007ff87d1e9000 	C:\WINDOWS\System32\GDI32.dll
0x00007ff87bfb0000 - 0x00007ff87c0c9000 	C:\WINDOWS\System32\gdi32full.dll
0x00007ff87c1f0000 - 0x00007ff87c28a000 	C:\WINDOWS\System32\msvcp_win.dll
0x00007ff87d450000 - 0x00007ff87d4f7000 	C:\WINDOWS\System32\msvcrt.dll
0x00007ff87c400000 - 0x00007ff87c431000 	C:\WINDOWS\System32\IMM32.DLL
0x00007ff876b30000 - 0x00007ff876b3c000 	C:\Users\sugithi satheesh\.jdks\openjdk-22\bin\vcruntime140_1.dll
0x00007ff843ab0000 - 0x00007ff843b3e000 	C:\Users\sugithi satheesh\.jdks\openjdk-22\bin\msvcp140.dll
0x00007ff836610000 - 0x00007ff837358000 	C:\Users\sugithi satheesh\.jdks\openjdk-22\bin\server\jvm.dll
0x00007ff87d270000 - 0x00007ff87d322000 	C:\WINDOWS\System32\ADVAPI32.dll
0x00007ff87e250000 - 0x00007ff87e2f8000 	C:\WINDOWS\System32\sechost.dll
0x00007ff87bf00000 - 0x00007ff87bf28000 	C:\WINDOWS\System32\bcrypt.dll
0x00007ff87e000000 - 0x00007ff87e115000 	C:\WINDOWS\System32\RPCRT4.dll
0x00007ff87e1d0000 - 0x00007ff87e241000 	C:\WINDOWS\System32\WS2_32.dll
0x00007ff87b8b0000 - 0x00007ff87b8fd000 	C:\WINDOWS\SYSTEM32\POWRPROF.dll
0x00007ff871730000 - 0x00007ff87173a000 	C:\WINDOWS\SYSTEM32\VERSION.dll
0x00007ff8738e0000 - 0x00007ff873914000 	C:\WINDOWS\SYSTEM32\WINMM.dll
0x00007ff87b890000 - 0x00007ff87b8a3000 	C:\WINDOWS\SYSTEM32\UMPDC.dll
0x00007ff87a9e0000 - 0x00007ff87a9f8000 	C:\WINDOWS\SYSTEM32\kernel.appcore.dll
0x00007ff876b10000 - 0x00007ff876b1a000 	C:\Users\sugithi satheesh\.jdks\openjdk-22\bin\jimage.dll
0x00007ff879190000 - 0x00007ff8793c2000 	C:\WINDOWS\SYSTEM32\DBGHELP.DLL
0x00007ff87e300000 - 0x00007ff87e688000 	C:\WINDOWS\System32\combase.dll
0x00007ff87df20000 - 0x00007ff87dff7000 	C:\WINDOWS\System32\OLEAUT32.dll
0x00007ff864510000 - 0x00007ff864542000 	C:\WINDOWS\SYSTEM32\dbgcore.DLL
0x00007ff87bf30000 - 0x00007ff87bfa9000 	C:\WINDOWS\System32\bcryptPrimitives.dll
0x00007ff875db0000 - 0x00007ff875dbf000 	C:\Users\sugithi satheesh\.jdks\openjdk-22\bin\instrument.dll
0x00007ff863f90000 - 0x00007ff863fae000 	C:\Users\sugithi satheesh\.jdks\openjdk-22\bin\java.dll
0x00007ff87d630000 - 0x00007ff87de8c000 	C:\WINDOWS\System32\SHELL32.dll
0x00007ff87cae0000 - 0x00007ff87cc85000 	C:\WINDOWS\System32\ole32.dll
0x00007ff8798e0000 - 0x00007ff87a1d6000 	C:\WINDOWS\SYSTEM32\windows.storage.dll
0x00007ff8797a0000 - 0x00007ff8798de000 	C:\WINDOWS\SYSTEM32\wintypes.dll
0x00007ff87d530000 - 0x00007ff87d625000 	C:\WINDOWS\System32\SHCORE.dll
0x00007ff87d350000 - 0x00007ff87d3ae000 	C:\WINDOWS\System32\shlwapi.dll
0x00007ff87b920000 - 0x00007ff87b941000 	C:\WINDOWS\SYSTEM32\profapi.dll
0x00007ff8423a0000 - 0x00007ff842477000 	C:\Users\sugithi satheesh\.jdks\openjdk-22\bin\jsvml.dll
0x00007ff861310000 - 0x00007ff861327000 	C:\Users\sugithi satheesh\.jdks\openjdk-22\bin\zip.dll
0x00007ff86b7a0000 - 0x00007ff86b7b0000 	C:\Users\sugithi satheesh\.jdks\openjdk-22\bin\net.dll
0x00007ff87ae60000 - 0x00007ff87aec9000 	C:\WINDOWS\system32\mswsock.dll
0x00007ff8612f0000 - 0x00007ff861306000 	C:\Users\sugithi satheesh\.jdks\openjdk-22\bin\nio.dll
0x00007ff859a10000 - 0x00007ff859a2a000 	D:\intellij Idea\IntelliJ IDEA Community Edition 2023.1.3\bin\breakgen64.dll
0x00007ff86b6d0000 - 0x00007ff86b6d9000 	C:\Users\sugithi satheesh\.jdks\openjdk-22\bin\extnet.dll
0x00007ff8690f0000 - 0x00007ff8690fa000 	C:\Users\sugithi satheesh\.jdks\openjdk-22\bin\management.dll
0x00007ff869080000 - 0x00007ff86908b000 	C:\Users\sugithi satheesh\.jdks\openjdk-22\bin\management_ext.dll
0x00007ff87d340000 - 0x00007ff87d348000 	C:\WINDOWS\System32\PSAPI.DLL
0x00007ff868d40000 - 0x00007ff868d4b000 	C:\Users\sugithi satheesh\.jdks\openjdk-22\bin\le.dll
0x00007ff863f80000 - 0x00007ff863f8e000 	C:\Users\sugithi satheesh\.jdks\openjdk-22\bin\sunmscapi.dll
0x00007ff87c290000 - 0x00007ff87c3f8000 	C:\WINDOWS\System32\CRYPT32.dll
0x00007ff87b2a0000 - 0x00007ff87b2ce000 	C:\WINDOWS\SYSTEM32\ncrypt.dll
0x00007ff87b260000 - 0x00007ff87b297000 	C:\WINDOWS\SYSTEM32\NTASN1.dll
0x00007ff87b0e0000 - 0x00007ff87b0fb000 	C:\WINDOWS\SYSTEM32\CRYPTSP.dll
0x00007ff87a940000 - 0x00007ff87a975000 	C:\WINDOWS\system32\rsaenh.dll
0x00007ff87af80000 - 0x00007ff87afa8000 	C:\WINDOWS\SYSTEM32\USERENV.dll
0x00007ff87b100000 - 0x00007ff87b10c000 	C:\WINDOWS\SYSTEM32\CRYPTBASE.dll
0x00007ff87a440000 - 0x00007ff87a46d000 	C:\WINDOWS\SYSTEM32\IPHLPAPI.DLL
0x00007ff87d330000 - 0x00007ff87d339000 	C:\WINDOWS\System32\NSI.dll
0x00007ff859a00000 - 0x00007ff859a10000 	C:\Users\sugithi satheesh\.jdks\openjdk-22\bin\verify.dll
0x00007ff85b9d0000 - 0x00007ff85b9e7000 	C:\WINDOWS\system32\napinsp.dll
0x00007ff85c0b0000 - 0x00007ff85c0cb000 	C:\WINDOWS\system32\pnrpnsp.dll
0x00007ff87a4b0000 - 0x00007ff87a5a8000 	C:\WINDOWS\SYSTEM32\DNSAPI.dll
0x00007ff85b9b0000 - 0x00007ff85b9c1000 	C:\WINDOWS\System32\winrnr.dll
0x00007ff872aa0000 - 0x00007ff872ab5000 	C:\WINDOWS\system32\wshbth.dll
0x00007ff85b720000 - 0x00007ff85b747000 	C:\WINDOWS\system32\nlansp_c.dll
0x00007ff86ead0000 - 0x00007ff86eada000 	C:\Windows\System32\rasadhlp.dll
0x00007ff872ae0000 - 0x00007ff872b63000 	C:\WINDOWS\System32\fwpuclnt.dll
0x00007ff863ae0000 - 0x00007ff863ae8000 	C:\WINDOWS\system32\wshunix.dll

dbghelp: loaded successfully - version: 4.0.5 - missing functions: none
symbol engine: initialized successfully - sym options: 0x614 - pdb path: .;C:\Users\sugithi satheesh\.jdks\openjdk-22\bin;C:\WINDOWS\SYSTEM32;C:\WINDOWS\WinSxS\amd64_microsoft.windows.common-controls_6595b64144ccf1df_6.0.22621.3527_none_270e469b73872a76;C:\Users\sugithi satheesh\.jdks\openjdk-22\bin\server;D:\intellij Idea\IntelliJ IDEA Community Edition 2023.1.3\bin

VM Arguments:
jvm_args: -javaagent:D:\intellij Idea\IntelliJ IDEA Community Edition 2023.1.3\lib\idea_rt.jar=53091:D:\intellij Idea\IntelliJ IDEA Community Edition 2023.1.3\bin -Dfile.encoding=UTF-8 -Dsun.stdout.encoding=UTF-8 -Dsun.stderr.encoding=UTF-8 
java_command: com.taskmanagement.fannss.FannssApplication
java_class_path (initial): C:\Users\sugithi satheesh\Downloads\fannss\fannss\target\classes;C:\Users\sugithi satheesh\.m2\repository\org\springframework\boot\spring-boot-starter-data-jpa\3.3.0\spring-boot-starter-data-jpa-3.3.0.jar;C:\Users\sugithi satheesh\.m2\repository\org\springframework\boot\spring-boot-starter-aop\3.3.0\spring-boot-starter-aop-3.3.0.jar;C:\Users\sugithi satheesh\.m2\repository\org\springframework\spring-aop\6.1.8\spring-aop-6.1.8.jar;C:\Users\sugithi satheesh\.m2\repository\org\aspectj\aspectjweaver\1.9.22\aspectjweaver-1.9.22.jar;C:\Users\sugithi satheesh\.m2\repository\org\springframework\boot\spring-boot-starter-jdbc\3.3.0\spring-boot-starter-jdbc-3.3.0.jar;C:\Users\sugithi satheesh\.m2\repository\com\zaxxer\HikariCP\5.1.0\HikariCP-5.1.0.jar;C:\Users\sugithi satheesh\.m2\repository\org\springframework\spring-jdbc\6.1.8\spring-jdbc-6.1.8.jar;C:\Users\sugithi satheesh\.m2\repository\org\hibernate\orm\hibernate-core\6.5.2.Final\hibernate-core-6.5.2.Final.jar;C:\Users\sugithi satheesh\.m2\repository\jakarta\persistence\jakarta.persistence-api\3.1.0\jakarta.persistence-api-3.1.0.jar;C:\Users\sugithi satheesh\.m2\repository\jakarta\transaction\jakarta.transaction-api\2.0.1\jakarta.transaction-api-2.0.1.jar;C:\Users\sugithi satheesh\.m2\repository\org\jboss\logging\jboss-logging\3.5.3.Final\jboss-logging-3.5.3.Final.jar;C:\Users\sugithi satheesh\.m2\repository\org\hibernate\common\hibernate-commons-annotations\6.0.6.Final\hibernate-commons-annotations-6.0.6.Final.jar;C:\Users\sugithi satheesh\.m2\repository\io\smallrye\jandex\3.1.2\jandex-3.1.2.jar;C:\Users\sugithi satheesh\.m2\repository\com\fasterxml\classmate\1.7.0\classmate-1.7.0.jar;C:\Users\sugithi satheesh\.m2\repository\net\bytebuddy\byte-buddy\1.14.16\byte-buddy-1.14.16.jar;C:\Users\sugithi satheesh\.m2\repository\org\glassfish\jaxb\jaxb-runtime\4.0.5\jaxb-runtime-4.0.5.jar;C:\Users\sugithi satheesh\.m2\repository\org\glassfish\jaxb\jaxb-core\4.0.5\jaxb-core-4.0.5.jar;C:\Users\sugithi satheesh\.m2\repository\org\eclipse\angus\angus-activation\2.0.2\angus-activation-2.0.2.jar;C:\Users\sugithi satheesh\.m2\repository\org\glassfish\jaxb\txw2\4.0.5\txw2-4.0.5.jar;C:\Users\sugithi satheesh\.m2\repository\com\sun\istack\istack-commons-runtime\4.1.2\istack-commons-runtime-4.1.2.jar;C:\Users\sugithi satheesh\.m2\repository\jakarta\inject\jakarta.inject-api\2.0.1\jakarta.inject-api-2.0.1.jar;C:\Users\sugithi satheesh\.m2\repository\org\antlr\antlr4-runtime\4.13.0\antlr4-runtime-4.13.0.jar;C:\Users\sugithi satheesh\.m2\repository\org\springframework\data\spring-data-jpa\3.3.0\spring-data-jpa-3.3.0.jar;C:\Users\sugithi satheesh\.m2\repository\org\springframework\data\spring-data-commons\3.3.0\spring-data-commons-3.3.0.jar;C:\Users\sugithi satheesh\.m2\repository\org\springframework\spring-orm\6.1.8\spring-orm-6.1.8.jar;C:\Users\sugithi satheesh\.m2\repository\org\springframework\spring-context\6.1.8\spring-context-6.1.8.jar;C:\Users\sugithi satheesh\.m2\repository\org\springframework\spring-tx\6.1.8\spring-tx-6.1.8.jar;C:\Users\sugithi satheesh\.m2\repository\org\springframework\spring-beans\6.1.8\spring-beans-6.1.8.jar;C:\Users\sugithi satheesh\.m2\repository\jakarta\annotation\jakarta.annotation-api\2.1.1\jakarta.annotation-api-2.1.1.jar;C:\Users\sugithi satheesh\.m2\repository\org\slf4j\slf4j-api\2.0.13\slf4j-api-2.0.13.jar;C:\Users\sugithi satheesh\.m2\repository\org\springframework\spring-aspects\6.1.8\spring-aspects-6.1.8.jar;C:\Users\sugithi satheesh\.m2\repository\org\springframework\boot\spring-boot-starter-web\3.3.0\spring-boot-starter-web-3.3.0.jar;C:\Users\sugithi satheesh\.m2\repository\org\springframework\boot\spring-boot-starter\3.3.0\spring-boot-starter-3.3.0.jar;C:\Users\sugithi satheesh\.m2\repository\org\springframework\boot\spring-boot-starter-logging\3.3.0\spring-boot-starter-logging-3.3.0.jar;C:\Users\sugithi satheesh\.m2\repository\ch\qos\logback\logback-classic\1.5.6\logback-classic-1.5.6.jar;C:\Users\sugithi satheesh\.m2\repository\ch\qos\logback\logback-core\1.5.6\logback-core-1.5.6.jar;C:\Users\sugithi satheesh\.m2\repository\org\apache\logging\log4j\log4j-to-slf4j\2.23.1\log4j-to-slf4j-2.23.1.jar;C:\Users\sugithi satheesh\.m2\repository\org\apache\logging\log4j\log4j-api\2.23.1\log4j-api-2.23.1.jar;C:\Users\sugithi satheesh\.m2\repository\org\slf4j\jul-to-slf4j\2.0.13\jul-to-slf4j-2.0.13.jar;C:\Users\sugithi satheesh\.m2\repository\org\yaml\snakeyaml\2.2\snakeyaml-2.2.jar;C:\Users\sugithi satheesh\.m2\repository\org\springframework\boot\spring-boot-starter-json\3.3.0\spring-boot-starter-json-3.3.0.jar;C:\Users\sugithi satheesh\.m2\repository\com\fasterxml\jackson\core\jackson-databind\2.17.1\jackson-databind-2.17.1.jar;C:\Users\sugithi satheesh\.m2\repository\com\fasterxml\jackson\core\jackson-annotations\2.17.1\jackson-annotations-2.17.1.jar;C:\Users\sugithi satheesh\.m2\repository\com\fasterxml\jackson\core\jackson-core\2.17.1\jackson-core-2.17.1.jar;C:\Users\sugithi satheesh\.m2\repository\com\fasterxml\jackson\datatype\jackson-datatype-jdk8\2.17.1\jackson-datatype-jdk8-2.17.1.jar;C:\Users\sugithi satheesh\.m2\repository\com\fasterxml\jackson\datatype\jackson-datatype-jsr310\2.17.1\jackson-datatype-jsr310-2.17.1.jar;C:\Users\sugithi satheesh\.m2\repository\com\fasterxml\jackson\module\jackson-module-parameter-names\2.17.1\jackson-module-parameter-names-2.17.1.jar;C:\Users\sugithi satheesh\.m2\repository\org\springframework\boot\spring-boot-starter-tomcat\3.3.0\spring-boot-starter-tomcat-3.3.0.jar;C:\Users\sugithi satheesh\.m2\repository\org\apache\tomcat\embed\tomcat-embed-core\10.1.24\tomcat-embed-core-10.1.24.jar;C:\Users\sugithi satheesh\.m2\repository\org\apache\tomcat\embed\tomcat-embed-el\10.1.24\tomcat-embed-el-10.1.24.jar;C:\Users\sugithi satheesh\.m2\repository\org\apache\tomcat\embed\tomcat-embed-websocket\10.1.24\tomcat-embed-websocket-10.1.24.jar;C:\Users\sugithi satheesh\.m2\repository\org\springframework\spring-web\6.1.8\spring-web-6.1.8.jar;C:\Users\sugithi satheesh\.m2\repository\io\micrometer\micrometer-observation\1.13.0\micrometer-observation-1.13.0.jar;C:\Users\sugithi satheesh\.m2\repository\io\micrometer\micrometer-commons\1.13.0\micrometer-commons-1.13.0.jar;C:\Users\sugithi satheesh\.m2\repository\org\springframework\spring-webmvc\6.1.8\spring-webmvc-6.1.8.jar;C:\Users\sugithi satheesh\.m2\repository\org\springframework\spring-expression\6.1.8\spring-expression-6.1.8.jar;C:\Users\sugithi satheesh\.m2\repository\org\springframework\boot\spring-boot-devtools\3.3.0\spring-boot-devtools-3.3.0.jar;C:\Users\sugithi satheesh\.m2\repository\org\springframework\boot\spring-boot\3.3.0\spring-boot-3.3.0.jar;C:\Users\sugithi satheesh\.m2\repository\org\springframework\boot\spring-boot-autoconfigure\3.3.0\spring-boot-autoconfigure-3.3.0.jar;C:\Users\sugithi satheesh\.m2\repository\com\microsoft\sqlserver\mssql-jdbc\12.6.1.jre11\mssql-jdbc-12.6.1.jre11.jar;C:\Users\sugithi satheesh\.m2\repository\org\projectlombok\lombok\1.18.32\lombok-1.18.32.jar;C:\Users\sugithi satheesh\.m2\repository\jakarta\xml\bind\jakarta.xml.bind-api\4.0.2\jakarta.xml.bind-api-4.0.2.jar;C:\Users\sugithi satheesh\.m2\repository\jakarta\activation\jakarta.activation-api\2.1.3\jakarta.activation-api-2.1.3.jar;C:\Users\sugithi satheesh\.m2\repository\org\springframework\spring-core\6.1.8\spring-core-6.1.8.jar;C:\Users\sugithi satheesh\.m2\repository\org\springframework\spring-jcl\6.1.8\spring-jcl-6.1.8.jar
Launcher Type: SUN_STANDARD

[Global flags]
     intx CICompilerCount                          = 4                                         {product} {ergonomic}
     uint ConcGCThreads                            = 2                                         {product} {ergonomic}
     uint G1ConcRefinementThreads                  = 8                                         {product} {ergonomic}
   size_t G1HeapRegionSize                         = 1048576                                   {product} {ergonomic}
   size_t InitialHeapSize                          = 100663296                                 {product} {ergonomic}
   size_t MarkStackSize                            = 4194304                                   {product} {ergonomic}
   size_t MaxHeapSize                              = 1598029824                                {product} {ergonomic}
   size_t MaxNewSize                               = 958398464                                 {product} {ergonomic}
   size_t MinHeapDeltaBytes                        = 1048576                                   {product} {ergonomic}
   size_t MinHeapSize                              = 8388608                                   {product} {ergonomic}
    uintx NonNMethodCodeHeapSize                   = 5839372                                {pd product} {ergonomic}
    uintx NonProfiledCodeHeapSize                  = 122909434                              {pd product} {ergonomic}
    uintx ProfiledCodeHeapSize                     = 122909434                              {pd product} {ergonomic}
    uintx ReservedCodeCacheSize                    = 251658240                              {pd product} {ergonomic}
     bool SegmentedCodeCache                       = true                                      {product} {ergonomic}
   size_t SoftMaxHeapSize                          = 1598029824                             {manageable} {ergonomic}
     bool UseCompressedOops                        = true                           {product lp64_product} {ergonomic}
     bool UseG1GC                                  = true                                      {product} {ergonomic}
     bool UseLargePagesIndividualAllocation        = false                                  {pd product} {ergonomic}

Logging:
Log output configuration:
 #0: stdout all=warning uptime,level,tags foldmultilines=false
 #1: stderr all=off uptime,level,tags foldmultilines=false

Environment Variables:
JAVA_HOME=C:\Program Files\Java\jdk-19
PATH=C:\Program Files\Microsoft SDKs\Azure\CLI2\wbin;C:\Python311\Scripts\;C:\Python311\;C:\oracle\product\10.2.0\db_1\bin;C:\ProgramData\Oracle\Java\javapath;C:\Program Files\Common Files\Oracle\Java\javapath;C:\WINDOWS\system32;C:\WINDOWS;C:\WINDOWS\System32\Wbem;C:\WINDOWS\System32\WindowsPowerShell\v1.0\;C:\WINDOWS\System32\OpenSSH\;C:\Program Files\Polyspace\R2020a\runtime\win64;C:\Program Files\Polyspace\R2020a\bin;C:\Program Files\Polyspace\R2020a\polyspace\bin;C:\Program Files\Git\cmd;D:\apache-maven-3.9.3\bin;C:\Program Files\Java\jdk-19\bin;C:\Program Files (x86)\Microsoft SQL Server\160\Tools\Binn\;C:\Program Files\Microsoft SQL Server\160\Tools\Binn\;C:\Program Files\Microsoft SQL Server\Client SDK\ODBC\170\Tools\Binn\;C:\Program Files\Microsoft SQL Server\160\DTS\Binn\;C:\Program Files (x86)\Microsoft SQL Server\160\DTS\Binn\;C:\Program Files\nodejs\;C:\Program Files\Docker\Docker\resources\bin;C:\Program Files\MySQL\MySQL Shell 8.0\bin\;C:\Users\sugithi satheesh\AppData\Local\Microsoft\WindowsApps;C:\Program Files\Java\jdk-19\bin;C:\Users\sugithi satheesh\AppData\Local\Programs\Microsoft VS Code\bin;;D:\intellij Idea\IntelliJ IDEA Community Edition 2023.1.3\bin;;C:\Users\sugithi satheesh\AppData\Roaming\npm
USERNAME=sugithi satheesh
OS=Windows_NT
PROCESSOR_IDENTIFIER=AMD64 Family 23 Model 24 Stepping 1, AuthenticAMD
TMP=C:\Users\SUGITH~1\AppData\Local\Temp
TEMP=C:\Users\SUGITH~1\AppData\Local\Temp




Periodic native trim disabled

---------------  S Y S T E M  ---------------

OS:
 Windows 11 , 64 bit Build 22621 (10.0.22621.3527)
OS uptime: 0 days 19:56 hours
Hyper-V role detected

CPU: total 8 (initial active 8) (8 cores per cpu, 2 threads per core) family 23 model 24 stepping 1 microcode 0x0, cx8, cmov, fxsr, ht, mmx, 3dnowpref, sse, sse2, sse3, ssse3, sse4a, sse4.1, sse4.2, popcnt, lzcnt, tsc, tscinvbit, avx, avx2, aes, clmul, bmi1, bmi2, adx, sha, fma, vzeroupper, clflush, clflushopt, hv, rdtscp, f16c
Processor Information for all 8 processors :
  Max Mhz: 2100, Current Mhz: 2100, Mhz Limit: 2100

Memory: 4k page, system-wide physical 6091M (259M free)
TotalPageFile size 24523M (AvailPageFile size 8M)
current process WorkingSet (physical memory assigned to process): 233M, peak: 290M
current process commit charge ("private bytes"): 313M, peak: 329M

vm_info: OpenJDK 64-Bit Server VM (22+36-2370) for windows-amd64 JRE (22+36-2370), built on 2024-02-15T22:15:19Z by "mach5one" with MS VC++ 17.6 (VS2022)

END.
