#
# There is insufficient memory for the Java Runtime Environment to continue.
# Native memory allocation (malloc) failed to allocate 131088 bytes. Error detail: Chunk::new
# Possible reasons:
#   The system is out of physical RAM or swap space
#   This process is running with CompressedOops enabled, and the Java Heap may be blocking the growth of the native heap
# Possible solutions:
#   Reduce memory load on the system
#   Increase physical memory or swap space
#   Check if swap backing store is full
#   Decrease Java heap size (-Xmx/-Xms)
#   Decrease number of Java threads
#   Decrease Java thread stack sizes (-Xss)
#   Set larger code cache with -XX:ReservedCodeCacheSize=
#   JVM is running with Unscaled Compressed Oops mode in which the Java heap is
#     placed in the first 4GB address space. The Java Heap base address is the
#     maximum limit for the native heap growth. Please use -XX:HeapBaseMinAddress
#     to set the Java Heap base and to place the Java Heap above 4GB virtual address.
# This output file may be truncated or incomplete.
#
#  Out of Memory Error (arena.cpp:150), pid=25492, tid=25288
#
# JRE version: OpenJDK Runtime Environment (22.0+36) (build 22+36-2370)
# Java VM: OpenJDK 64-Bit Server VM (22+36-2370, mixed mode, sharing, tiered, compressed oops, compressed class ptrs, g1 gc, windows-amd64)
# No core dump will be written. Minidumps are not enabled by default on client versions of Windows
#

---------------  S U M M A R Y ------------

Command Line: -javaagent:D:\intellij Idea\IntelliJ IDEA Community Edition 2023.1.3\lib\idea_rt.jar=61698:D:\intellij Idea\IntelliJ IDEA Community Edition 2023.1.3\bin -Dfile.encoding=UTF-8 -Dsun.stdout.encoding=UTF-8 -Dsun.stderr.encoding=UTF-8 com.taskmanagement.fannss.FannssApplication

Host: AMD Ryzen 5 3500U with Radeon Vega Mobile Gfx  , 8 cores, 5G,  Windows 11 , 64 bit Build 22621 (10.0.22621.3527)
Time: Sun Jun  2 06:17:54 2024 India Standard Time elapsed time: 92.231417 seconds (0d 0h 1m 32s)

---------------  T H R E A D  ---------------

Current thread (0x000001e4f64aa4a0):  JavaThread "C2 CompilerThread0" daemon [_thread_in_native, id=25288, stack(0x00000072b4c00000,0x00000072b4d00000) (1024K)]


Current CompileTask:
C2:92231 9018       4       ch.qos.logback.classic.spi.PackagingDataCalculator::computeBySTEP (81 bytes)

Stack: [0x00000072b4c00000,0x00000072b4d00000]
Native frames: (J=compiled Java code, j=interpreted, Vv=VM code, C=native code)
V  [jvm.dll+0x6e2349]  (no source info available)
V  [jvm.dll+0x874ed3]  (no source info available)
V  [jvm.dll+0x8772fe]  (no source info available)
V  [jvm.dll+0x8779d3]  (no source info available)
V  [jvm.dll+0x27fcb6]  (no source info available)
V  [jvm.dll+0xc3d0f]  (no source info available)
V  [jvm.dll+0xc40fb]  (no source info available)
V  [jvm.dll+0xc3bbb]  (no source info available)
V  [jvm.dll+0x70a506]  (no source info available)
V  [jvm.dll+0x70adc0]  (no source info available)
V  [jvm.dll+0x7620de]  (no source info available)
V  [jvm.dll+0x761249]  (no source info available)
V  [jvm.dll+0x622462]  (no source info available)
V  [jvm.dll+0x6221ea]  (no source info available)
V  [jvm.dll+0x60c4a9]  (no source info available)
V  [jvm.dll+0x250d2f]  (no source info available)
V  [jvm.dll+0x2493b6]  (no source info available)
V  [jvm.dll+0x246eb6]  (no source info available)
V  [jvm.dll+0x1c4e90]  (no source info available)
V  [jvm.dll+0x25699e]  (no source info available)
V  [jvm.dll+0x254c5a]  (no source info available)
V  [jvm.dll+0x3f5426]  (no source info available)
V  [jvm.dll+0x81d50b]  (no source info available)
V  [jvm.dll+0x6e09e5]  (no source info available)
C  [ucrtbase.dll+0x29333]  (no source info available)
C  [KERNEL32.DLL+0x1257d]  (no source info available)
C  [ntdll.dll+0x5aa48]  (no source info available)


---------------  P R O C E S S  ---------------

Threads class SMR info:
_java_thread_list=0x000001e4c6ddfff0, length=35, elements={
0x000001e4f64a1430, 0x000001e4f64a2960, 0x000001e4f64a45d0, 0x000001e4f64a5230,
0x000001e4f64a7ca0, 0x000001e4f64a9710, 0x000001e4f64aa4a0, 0x000001e4f64ad370,
0x000001e4c5195aa0, 0x000001e4c5515bd0, 0x000001e4c54fb480, 0x000001e4c859c400,
0x000001e4c746fd90, 0x000001e4c84c7b80, 0x000001e4c62ec9c0, 0x000001e4c62ed6e0,
0x000001e4c62eb610, 0x000001e4c62ebca0, 0x000001e4c62edd70, 0x000001e4c62eaf80,
0x000001e4c71e8b00, 0x000001e4c71e9190, 0x000001e4c71e8470, 0x000001e4c71e5d10,
0x000001e4c71e63a0, 0x000001e4c71e7de0, 0x000001e4c71eb8f0, 0x000001e4c71ebf80,
0x000001e4c71e4ff0, 0x000001e4c71ec610, 0x000001e4c71e5680, 0x000001e4c76da110,
0x000001e4c76d93f0, 0x000001e4c76dc870, 0x000001e4c76d9a80
}

Java Threads: ( => current thread )
  0x000001e4f64a1430 JavaThread "Reference Handler"          daemon [_thread_blocked, id=25424, stack(0x00000072b4600000,0x00000072b4700000) (1024K)]
  0x000001e4f64a2960 JavaThread "Finalizer"                  daemon [_thread_blocked, id=8904, stack(0x00000072b4700000,0x00000072b4800000) (1024K)]
  0x000001e4f64a45d0 JavaThread "Signal Dispatcher"          daemon [_thread_blocked, id=23516, stack(0x00000072b4800000,0x00000072b4900000) (1024K)]
  0x000001e4f64a5230 JavaThread "Attach Listener"            daemon [_thread_blocked, id=24996, stack(0x00000072b4900000,0x00000072b4a00000) (1024K)]
  0x000001e4f64a7ca0 JavaThread "Service Thread"             daemon [_thread_blocked, id=10692, stack(0x00000072b4a00000,0x00000072b4b00000) (1024K)]
  0x000001e4f64a9710 JavaThread "Monitor Deflation Thread"   daemon [_thread_blocked, id=18872, stack(0x00000072b4b00000,0x00000072b4c00000) (1024K)]
=>0x000001e4f64aa4a0 JavaThread "C2 CompilerThread0"         daemon [_thread_in_native, id=25288, stack(0x00000072b4c00000,0x00000072b4d00000) (1024K)]
  0x000001e4f64ad370 JavaThread "C1 CompilerThread0"         daemon [_thread_blocked, id=25804, stack(0x00000072b4d00000,0x00000072b4e00000) (1024K)]
  0x000001e4c5195aa0 JavaThread "Common-Cleaner"             daemon [_thread_blocked, id=27448, stack(0x00000072b4e00000,0x00000072b4f00000) (1024K)]
  0x000001e4c5515bd0 JavaThread "Monitor Ctrl-Break"         daemon [_thread_in_native, id=6064, stack(0x00000072b4f00000,0x00000072b5000000) (1024K)]
  0x000001e4c54fb480 JavaThread "Notification Thread"        daemon [_thread_blocked, id=24492, stack(0x00000072b5000000,0x00000072b5100000) (1024K)]
  0x000001e4c859c400 JavaThread "Catalina-utility-1"                [_thread_blocked, id=12516, stack(0x00000072b5c00000,0x00000072b5d00000) (1024K)]
  0x000001e4c746fd90 JavaThread "http-nio-8080-exec-1"       daemon [_thread_blocked, id=16908, stack(0x00000072b5d00000,0x00000072b5e00000) (1024K)]
  0x000001e4c84c7b80 JavaThread "http-nio-8080-exec-2"       daemon [_thread_blocked, id=23548, stack(0x00000072b5e00000,0x00000072b5f00000) (1024K)]
  0x000001e4c62ec9c0 JavaThread "http-nio-8080-exec-3"       daemon [_thread_blocked, id=6756, stack(0x00000072b5f00000,0x00000072b6000000) (1024K)]
  0x000001e4c62ed6e0 JavaThread "http-nio-8080-exec-4"       daemon [_thread_blocked, id=22928, stack(0x00000072b6000000,0x00000072b6100000) (1024K)]
  0x000001e4c62eb610 JavaThread "http-nio-8080-exec-5"       daemon [_thread_in_native, id=5608, stack(0x00000072b6100000,0x00000072b6200000) (1024K)]
  0x000001e4c62ebca0 JavaThread "http-nio-8080-exec-6"       daemon [_thread_blocked, id=24936, stack(0x00000072b6200000,0x00000072b6300000) (1024K)]
  0x000001e4c62edd70 JavaThread "http-nio-8080-exec-7"       daemon [_thread_blocked, id=26936, stack(0x00000072b6300000,0x00000072b6400000) (1024K)]
  0x000001e4c62eaf80 JavaThread "http-nio-8080-exec-8"       daemon [_thread_blocked, id=10252, stack(0x00000072b6400000,0x00000072b6500000) (1024K)]
  0x000001e4c71e8b00 JavaThread "http-nio-8080-exec-9"       daemon [_thread_blocked, id=14808, stack(0x00000072b6500000,0x00000072b6600000) (1024K)]
  0x000001e4c71e9190 JavaThread "http-nio-8080-exec-10"      daemon [_thread_blocked, id=3360, stack(0x00000072b6600000,0x00000072b6700000) (1024K)]
  0x000001e4c71e8470 JavaThread "Catalina-utility-2"                [_thread_blocked, id=22980, stack(0x00000072b6700000,0x00000072b6800000) (1024K)]
  0x000001e4c71e5d10 JavaThread "container-0"                       [_thread_blocked, id=11108, stack(0x00000072b6800000,0x00000072b6900000) (1024K)]
  0x000001e4c71e63a0 JavaThread "mssql-jdbc-shared-timer-core-0" daemon [_thread_blocked, id=4480, stack(0x00000072b6900000,0x00000072b6a00000) (1024K)]
  0x000001e4c71e7de0 JavaThread "HikariPool-1 housekeeper"   daemon [_thread_blocked, id=12376, stack(0x00000072b6a00000,0x00000072b6b00000) (1024K)]
  0x000001e4c71eb8f0 JavaThread "File Watcher"               daemon [_thread_blocked, id=20896, stack(0x00000072b6b00000,0x00000072b6c00000) (1024K)]
  0x000001e4c71ebf80 JavaThread "Live Reload Server"         daemon [_thread_in_native, id=12636, stack(0x00000072b6d00000,0x00000072b6e00000) (1024K)]
  0x000001e4c71e4ff0 JavaThread "http-nio-8080-Poller"       daemon [_thread_in_native, id=26052, stack(0x00000072b6c00000,0x00000072b6d00000) (1024K)]
  0x000001e4c71ec610 JavaThread "http-nio-8080-Acceptor"     daemon [_thread_in_native, id=4296, stack(0x00000072b6e00000,0x00000072b6f00000) (1024K)]
  0x000001e4c71e5680 JavaThread "DestroyJavaVM"                     [_thread_blocked, id=10484, stack(0x00000072b3e00000,0x00000072b3f00000) (1024K)]
  0x000001e4c76da110 JavaThread "HikariPool-1 connection closer" daemon [_thread_blocked, id=24292, stack(0x00000072b3b00000,0x00000072b3c00000) (1024K)]
  0x000001e4c76d93f0 JavaThread "HikariPool-1 connection adder" daemon [_thread_blocked, id=18232, stack(0x00000072b3c00000,0x00000072b3d00000) (1024K)]
  0x000001e4c76dc870 JavaThread "pool-1-thread-1"                   [_thread_blocked, id=24236, stack(0x00000072b3d00000,0x00000072b3e00000) (1024K)]
  0x000001e4c76d9a80 JavaThread "pool-1-thread-2"                   [_thread_blocked, id=27048, stack(0x00000072b6f00000,0x00000072b7000000) (1024K)]
Total: 35

Other Threads:
  0x000001e4f6486b70 VMThread "VM Thread"                           [id=6832, stack(0x00000072b4500000,0x00000072b4600000) (1024K)]
  0x000001e4f646ef60 WatcherThread "VM Periodic Task Thread"        [id=23940, stack(0x00000072b4400000,0x00000072b4500000) (1024K)]
  0x000001e4da69e5a0 WorkerThread "GC Thread#0"                     [id=27204, stack(0x00000072b3f00000,0x00000072b4000000) (1024K)]
  0x000001e4c58a8720 WorkerThread "GC Thread#1"                     [id=5100, stack(0x00000072b5300000,0x00000072b5400000) (1024K)]
  0x000001e4c58a8ad0 WorkerThread "GC Thread#2"                     [id=23004, stack(0x00000072b5400000,0x00000072b5500000) (1024K)]
  0x000001e4c5ecb3b0 WorkerThread "GC Thread#3"                     [id=26928, stack(0x00000072b5500000,0x00000072b5600000) (1024K)]
  0x000001e4c5ecb760 WorkerThread "GC Thread#4"                     [id=23880, stack(0x00000072b5600000,0x00000072b5700000) (1024K)]
  0x000001e4c5ecbb10 WorkerThread "GC Thread#5"                     [id=22656, stack(0x00000072b5700000,0x00000072b5800000) (1024K)]
  0x000001e4c5efa3b0 WorkerThread "GC Thread#6"                     [id=26268, stack(0x00000072b5800000,0x00000072b5900000) (1024K)]
  0x000001e4c5f031a0 WorkerThread "GC Thread#7"                     [id=25640, stack(0x00000072b5900000,0x00000072b5a00000) (1024K)]
  0x000001e4da6ab410 ConcurrentGCThread "G1 Main Marker"            [id=9268, stack(0x00000072b4000000,0x00000072b4100000) (1024K)]
  0x000001e4da6abf20 WorkerThread "G1 Conc#0"                       [id=25580, stack(0x00000072b4100000,0x00000072b4200000) (1024K)]
  0x000001e4c777a6a0 WorkerThread "G1 Conc#1"                       [id=10864, stack(0x00000072b5a00000,0x00000072b5b00000) (1024K)]
  0x000001e4f6342670 ConcurrentGCThread "G1 Refine#0"               [id=15260, stack(0x00000072b4200000,0x00000072b4300000) (1024K)]
  0x000001e4da70b6c0 ConcurrentGCThread "G1 Service"                [id=25936, stack(0x00000072b4300000,0x00000072b4400000) (1024K)]
Total: 15

Threads with active compile tasks:
C2 CompilerThread0  92605 9018       4       ch.qos.logback.classic.spi.PackagingDataCalculator::computeBySTEP (81 bytes)
Total: 1

VM state: not at safepoint (normal execution)

VM Mutex/Monitor currently owned by a thread: None

Heap address: 0x00000000a0c00000, size: 1524 MB, Compressed Oops mode: 32-bit

CDS archive(s) mapped at: [0x000001e480000000-0x000001e480c50000-0x000001e480c50000), size 12910592, SharedBaseAddress: 0x000001e480000000, ArchiveRelocationMode: 1.
Compressed class space mapped at: 0x000001e481000000-0x000001e4c1000000, reserved size: 1073741824
Narrow klass base: 0x000001e480000000, Narrow klass shift: 0, Narrow klass range: 0x41000000

GC Precious Log:
 CardTable entry size: 512
 Card Set container configuration: InlinePtr #cards 5 size 8 Array Of Cards #cards 12 size 40 Howl #buckets 4 coarsen threshold 1843 Howl Bitmap #cards 512 size 80 coarsen threshold 460 Card regions per heap region 1 cards per card region 2048
 CPUs: 8 total, 8 available
 Memory: 6091M
 Large Page Support: Disabled
 NUMA Support: Disabled
 Compressed Oops: Enabled (32-bit)
 Heap Region Size: 1M
 Heap Min Capacity: 8M
 Heap Initial Capacity: 96M
 Heap Max Capacity: 1524M
 Pre-touch: Disabled
 Parallel Workers: 8
 Concurrent Workers: 2
 Concurrent Refinement Workers: 8
 Periodic GC: Disabled

Heap:
 garbage-first heap   total reserved 1560576K, committed 60416K, used 36810K [0x00000000a0c00000, 0x0000000100000000)
  region size 1024K, 4 young (4096K), 1 survivors (1024K)
 Metaspace       used 78477K, committed 79296K, reserved 1179648K
  class space    used 10717K, committed 11072K, reserved 1048576K

Heap Regions: E=young(eden), S=young(survivor), O=old, HS=humongous(starts), HC=humongous(continues), CS=collection set, F=free, TAMS=top-at-mark-start, PB=parsable bottom
|   0|0x00000000a0c00000, 0x00000000a0d00000, 0x00000000a0d00000|100%|HS|  |TAMS 0x00000000a0c00000| PB 0x00000000a0c00000| Complete |  0
|   1|0x00000000a0d00000, 0x00000000a0e00000, 0x00000000a0e00000|100%| O|  |TAMS 0x00000000a0d00000| PB 0x00000000a0d00000| Untracked |  0
|   2|0x00000000a0e00000, 0x00000000a0f00000, 0x00000000a0f00000|100%| O|  |TAMS 0x00000000a0e00000| PB 0x00000000a0e00000| Untracked |  0
|   3|0x00000000a0f00000, 0x00000000a1000000, 0x00000000a1000000|100%| O|  |TAMS 0x00000000a0f00000| PB 0x00000000a0f00000| Untracked |  0
|   4|0x00000000a1000000, 0x00000000a1100000, 0x00000000a1100000|100%| O|  |TAMS 0x00000000a1000000| PB 0x00000000a1000000| Untracked |  0
|   5|0x00000000a1100000, 0x00000000a1200000, 0x00000000a1200000|100%| O|  |TAMS 0x00000000a1100000| PB 0x00000000a1100000| Untracked |  0
|   6|0x00000000a1200000, 0x00000000a1300000, 0x00000000a1300000|100%| O|  |TAMS 0x00000000a1200000| PB 0x00000000a1200000| Untracked |  0
|   7|0x00000000a1300000, 0x00000000a1400000, 0x00000000a1400000|100%| O|  |TAMS 0x00000000a1300000| PB 0x00000000a1300000| Untracked |  0
|   8|0x00000000a1400000, 0x00000000a1500000, 0x00000000a1500000|100%| O|  |TAMS 0x00000000a1400000| PB 0x00000000a1400000| Untracked |  0
|   9|0x00000000a1500000, 0x00000000a1600000, 0x00000000a1600000|100%| O|  |TAMS 0x00000000a1500000| PB 0x00000000a1500000| Untracked |  0
|  10|0x00000000a1600000, 0x00000000a1700000, 0x00000000a1700000|100%| O|  |TAMS 0x00000000a1600000| PB 0x00000000a1600000| Untracked |  0
|  11|0x00000000a1700000, 0x00000000a1800000, 0x00000000a1800000|100%| O|  |TAMS 0x00000000a1700000| PB 0x00000000a1700000| Untracked |  0
|  12|0x00000000a1800000, 0x00000000a1900000, 0x00000000a1900000|100%| O|  |TAMS 0x00000000a1800000| PB 0x00000000a1800000| Untracked |  0
|  13|0x00000000a1900000, 0x00000000a1a00000, 0x00000000a1a00000|100%| O|  |TAMS 0x00000000a1900000| PB 0x00000000a1900000| Untracked |  0
|  14|0x00000000a1a00000, 0x00000000a1b00000, 0x00000000a1b00000|100%| O|  |TAMS 0x00000000a1a00000| PB 0x00000000a1a00000| Untracked |  0
|  15|0x00000000a1b00000, 0x00000000a1c00000, 0x00000000a1c00000|100%| O|  |TAMS 0x00000000a1b00000| PB 0x00000000a1b00000| Untracked |  0
|  16|0x00000000a1c00000, 0x00000000a1d00000, 0x00000000a1d00000|100%| O|  |TAMS 0x00000000a1c00000| PB 0x00000000a1c00000| Untracked |  0
|  17|0x00000000a1d00000, 0x00000000a1e00000, 0x00000000a1e00000|100%| O|  |TAMS 0x00000000a1d00000| PB 0x00000000a1d00000| Untracked |  0
|  18|0x00000000a1e00000, 0x00000000a1f00000, 0x00000000a1f00000|100%| O|  |TAMS 0x00000000a1e00000| PB 0x00000000a1e00000| Untracked |  0
|  19|0x00000000a1f00000, 0x00000000a2000000, 0x00000000a2000000|100%| O|  |TAMS 0x00000000a1f00000| PB 0x00000000a1f00000| Untracked |  0
|  20|0x00000000a2000000, 0x00000000a2100000, 0x00000000a2100000|100%| O|  |TAMS 0x00000000a2000000| PB 0x00000000a2000000| Untracked |  0
|  21|0x00000000a2100000, 0x00000000a2200000, 0x00000000a2200000|100%| O|  |TAMS 0x00000000a2100000| PB 0x00000000a2100000| Untracked |  0
|  22|0x00000000a2200000, 0x00000000a2300000, 0x00000000a2300000|100%| O|  |TAMS 0x00000000a2200000| PB 0x00000000a2200000| Untracked |  0
|  23|0x00000000a2300000, 0x00000000a2400000, 0x00000000a2400000|100%| O|Cm|TAMS 0x00000000a2300000| PB 0x00000000a2300000| Complete |  0
|  24|0x00000000a2400000, 0x00000000a2500000, 0x00000000a2500000|100%| O|  |TAMS 0x00000000a2400000| PB 0x00000000a2400000| Untracked |  0
|  25|0x00000000a2500000, 0x00000000a25fd0c8, 0x00000000a2600000| 98%| O|  |TAMS 0x00000000a2500000| PB 0x00000000a2500000| Untracked |  0
|  26|0x00000000a2600000, 0x00000000a2700000, 0x00000000a2700000|100%| O|  |TAMS 0x00000000a2600000| PB 0x00000000a2600000| Untracked |  0
|  27|0x00000000a2700000, 0x00000000a2800000, 0x00000000a2800000|100%| O|  |TAMS 0x00000000a2700000| PB 0x00000000a2700000| Untracked |  0
|  28|0x00000000a2800000, 0x00000000a2900000, 0x00000000a2900000|100%| O|  |TAMS 0x00000000a2800000| PB 0x00000000a2800000| Untracked |  0
|  29|0x00000000a2900000, 0x00000000a2a00000, 0x00000000a2a00000|100%| O|  |TAMS 0x00000000a2900000| PB 0x00000000a2900000| Untracked |  0
|  30|0x00000000a2a00000, 0x00000000a2a00000, 0x00000000a2b00000|  0%| F|  |TAMS 0x00000000a2a00000| PB 0x00000000a2a00000| Untracked |  0
|  31|0x00000000a2b00000, 0x00000000a2c00000, 0x00000000a2c00000|100%| O|  |TAMS 0x00000000a2b00000| PB 0x00000000a2b00000| Untracked |  0
|  32|0x00000000a2c00000, 0x00000000a2d00000, 0x00000000a2d00000|100%| O|Cm|TAMS 0x00000000a2c00000| PB 0x00000000a2c00000| Complete |  0
|  33|0x00000000a2d00000, 0x00000000a2e00000, 0x00000000a2e00000|100%| O|  |TAMS 0x00000000a2d00000| PB 0x00000000a2d00000| Untracked |  0
|  34|0x00000000a2e00000, 0x00000000a2f00000, 0x00000000a2f00000|100%| O|  |TAMS 0x00000000a2e00000| PB 0x00000000a2e00000| Untracked |  0
|  35|0x00000000a2f00000, 0x00000000a2f00000, 0x00000000a3000000|  0%| F|  |TAMS 0x00000000a2f00000| PB 0x00000000a2f00000| Untracked |  0
|  36|0x00000000a3000000, 0x00000000a3000000, 0x00000000a3100000|  0%| F|  |TAMS 0x00000000a3000000| PB 0x00000000a3000000| Untracked |  0
|  37|0x00000000a3100000, 0x00000000a3100000, 0x00000000a3200000|  0%| F|  |TAMS 0x00000000a3100000| PB 0x00000000a3100000| Untracked |  0
|  38|0x00000000a3200000, 0x00000000a3200000, 0x00000000a3300000|  0%| F|  |TAMS 0x00000000a3200000| PB 0x00000000a3200000| Untracked |  0
|  39|0x00000000a3300000, 0x00000000a3300000, 0x00000000a3400000|  0%| F|  |TAMS 0x00000000a3300000| PB 0x00000000a3300000| Untracked |  0
|  40|0x00000000a3400000, 0x00000000a34f5880, 0x00000000a3500000| 95%| S|CS|TAMS 0x00000000a3400000| PB 0x00000000a3400000| Complete |  0
|  41|0x00000000a3500000, 0x00000000a3500000, 0x00000000a3600000|  0%| F|  |TAMS 0x00000000a3500000| PB 0x00000000a3500000| Untracked |  0
|  42|0x00000000a3600000, 0x00000000a3600000, 0x00000000a3700000|  0%| F|  |TAMS 0x00000000a3600000| PB 0x00000000a3600000| Untracked |  0
|  43|0x00000000a3700000, 0x00000000a3700000, 0x00000000a3800000|  0%| F|  |TAMS 0x00000000a3700000| PB 0x00000000a3700000| Untracked |  0
|  44|0x00000000a3800000, 0x00000000a3800000, 0x00000000a3900000|  0%| F|  |TAMS 0x00000000a3800000| PB 0x00000000a3800000| Untracked |  0
|  45|0x00000000a3900000, 0x00000000a3900000, 0x00000000a3a00000|  0%| F|  |TAMS 0x00000000a3900000| PB 0x00000000a3900000| Untracked |  0
|  46|0x00000000a3a00000, 0x00000000a3a00000, 0x00000000a3b00000|  0%| F|  |TAMS 0x00000000a3a00000| PB 0x00000000a3a00000| Untracked |  0
|  47|0x00000000a3b00000, 0x00000000a3b00000, 0x00000000a3c00000|  0%| F|  |TAMS 0x00000000a3b00000| PB 0x00000000a3b00000| Untracked |  0
|  48|0x00000000a3c00000, 0x00000000a3c00000, 0x00000000a3d00000|  0%| F|  |TAMS 0x00000000a3c00000| PB 0x00000000a3c00000| Untracked |  0
|  49|0x00000000a3d00000, 0x00000000a3d00000, 0x00000000a3e00000|  0%| F|  |TAMS 0x00000000a3d00000| PB 0x00000000a3d00000| Untracked |  0
|  50|0x00000000a3e00000, 0x00000000a3e00000, 0x00000000a3f00000|  0%| F|  |TAMS 0x00000000a3e00000| PB 0x00000000a3e00000| Untracked |  0
|  51|0x00000000a3f00000, 0x00000000a3f00000, 0x00000000a4000000|  0%| F|  |TAMS 0x00000000a3f00000| PB 0x00000000a3f00000| Untracked |  0
|  52|0x00000000a4000000, 0x00000000a4000000, 0x00000000a4100000|  0%| F|  |TAMS 0x00000000a4000000| PB 0x00000000a4000000| Untracked |  0
|  53|0x00000000a4100000, 0x00000000a4100000, 0x00000000a4200000|  0%| F|  |TAMS 0x00000000a4100000| PB 0x00000000a4100000| Untracked |  0
|  54|0x00000000a4200000, 0x00000000a4200000, 0x00000000a4300000|  0%| F|  |TAMS 0x00000000a4200000| PB 0x00000000a4200000| Untracked |  0
|  55|0x00000000a4300000, 0x00000000a4300000, 0x00000000a4400000|  0%| F|  |TAMS 0x00000000a4300000| PB 0x00000000a4300000| Untracked |  0
|  56|0x00000000a4400000, 0x00000000a44f2730, 0x00000000a4500000| 94%| E|  |TAMS 0x00000000a4400000| PB 0x00000000a4400000| Complete |  0
|  57|0x00000000a4500000, 0x00000000a4600000, 0x00000000a4600000|100%| E|  |TAMS 0x00000000a4500000| PB 0x00000000a4500000| Complete |  0
|  95|0x00000000a6b00000, 0x00000000a6c00000, 0x00000000a6c00000|100%| E|CS|TAMS 0x00000000a6b00000| PB 0x00000000a6b00000| Complete |  0

Card table byte_map: [0x000001e4f1fc0000,0x000001e4f22c0000] _byte_map_base: 0x000001e4f1aba000

Marking Bits: (CMBitMap*) 0x000001e4da69ecb0
 Bits: [0x000001e4f22c0000, 0x000001e4f3a90000)

Polling page: 0x000001e4d9e10000

Metaspace:

Usage:
  Non-class:     66.17 MB used.
      Class:     10.47 MB used.
       Both:     76.64 MB used.

Virtual space:
  Non-class space:      128.00 MB reserved,      66.62 MB ( 52%) committed,  2 nodes.
      Class space:        1.00 GB reserved,      10.81 MB (  1%) committed,  1 nodes.
             Both:        1.12 GB reserved,      77.44 MB (  7%) committed. 

Chunk freelists:
   Non-Class:  13.28 MB
       Class:  5.01 MB
        Both:  18.29 MB

MaxMetaspaceSize: unlimited
CompressedClassSpaceSize: 1.00 GB
Initial GC threshold: 21.00 MB
Current GC threshold: 129.06 MB
CDS: on
 - commit_granule_bytes: 65536.
 - commit_granule_words: 8192.
 - virtual_space_node_default_size: 8388608.
 - enlarge_chunks_in_place: 1.
 - use_allocation_guard: 0.


Internal statistics:

num_allocs_failed_limit: 6.
num_arena_births: 1114.
num_arena_deaths: 0.
num_vsnodes_births: 3.
num_vsnodes_deaths: 0.
num_space_committed: 1239.
num_space_uncommitted: 0.
num_chunks_returned_to_freelist: 6.
num_chunks_taken_from_freelist: 3830.
num_chunk_merges: 6.
num_chunk_splits: 2755.
num_chunks_enlarged: 2109.
num_inconsistent_stats: 0.

CodeHeap 'non-profiled nmethods': size=120000Kb used=4237Kb max_used=4332Kb free=115762Kb
 bounds [0x000001e4ea460000, 0x000001e4ea8a0000, 0x000001e4f1990000]
CodeHeap 'profiled nmethods': size=120000Kb used=14126Kb max_used=14461Kb free=105873Kb
 bounds [0x000001e4e2990000, 0x000001e4e37b0000, 0x000001e4e9ec0000]
CodeHeap 'non-nmethods': size=5760Kb used=1795Kb max_used=1827Kb free=3964Kb
 bounds [0x000001e4e9ec0000, 0x000001e4ea130000, 0x000001e4ea460000]
 total_blobs=8632 nmethods=7835 adapters=700
 compilation: enabled
              stopped_count=0, restarted_count=0
 full_count=0

Compilation events (20 events):
Event: 91.224 Thread 0x000001e4f64ad370 9028       1       org.hibernate.sql.results.jdbc.internal.DeferredResultSetAccess::usesFollowOnLocking (5 bytes)
Event: 91.224 Thread 0x000001e4f64ad370 nmethod 9028 0x000001e4ea627990 code [0x000001e4ea627b20, 0x000001e4ea627bf0]
Event: 91.224 Thread 0x000001e4f64ad370 9029       1       org.hibernate.sql.results.jdbc.internal.JdbcValuesResultSetImpl::getValuesMapping (5 bytes)
Event: 91.224 Thread 0x000001e4f64ad370 nmethod 9029 0x000001e4ea627690 code [0x000001e4ea627820, 0x000001e4ea6278e8]
Event: 91.224 Thread 0x000001e4f64ad370 9030       1       org.hibernate.sql.results.internal.StandardRowReader::getDomainResultResultJavaType (5 bytes)
Event: 91.224 Thread 0x000001e4f64ad370 nmethod 9030 0x000001e4ea627390 code [0x000001e4ea627520, 0x000001e4ea6275e8]
Event: 91.224 Thread 0x000001e4f64ad370 9031       1       org.hibernate.internal.JdbcSessionContextImpl::getStatementInspector (5 bytes)
Event: 91.225 Thread 0x000001e4f64ad370 nmethod 9031 0x000001e4ea627090 code [0x000001e4ea627220, 0x000001e4ea6272e8]
Event: 91.225 Thread 0x000001e4f64ad370 9032       1       org.hibernate.engine.jdbc.internal.FormatStyle::getFormatter (5 bytes)
Event: 91.225 Thread 0x000001e4f64ad370 nmethod 9032 0x000001e4ea626d90 code [0x000001e4ea626f20, 0x000001e4ea626fe8]
Event: 91.258 Thread 0x000001e4f64ad370 9033       1       org.hibernate.event.internal.EmptyEventManager::beginJdbcPreparedStatementCreationEvent (2 bytes)
Event: 91.258 Thread 0x000001e4f64ad370 nmethod 9033 0x000001e4ea626a90 code [0x000001e4ea626c20, 0x000001e4ea626cf0]
Event: 91.258 Thread 0x000001e4f64ad370 9034       3       com.zaxxer.hikari.util.FastList::add (90 bytes)
Event: 91.259 Thread 0x000001e4f64ad370 nmethod 9034 0x000001e4e30bd990 code [0x000001e4e30bdb80, 0x000001e4e30be398]
Event: 91.260 Thread 0x000001e4f64ad370 9035       1       org.hibernate.sql.exec.spi.AbstractJdbcOperationQuery::getParameterBinders (5 bytes)
Event: 91.260 Thread 0x000001e4f64ad370 nmethod 9035 0x000001e4ea626790 code [0x000001e4ea626920, 0x000001e4ea6269e8]
Event: 91.260 Thread 0x000001e4f64ad370 9036       1       org.hibernate.dialect.pagination.AbstractLimitHandler::supportsLimit (2 bytes)
Event: 91.260 Thread 0x000001e4f64ad370 nmethod 9036 0x000001e4ea626490 code [0x000001e4ea626620, 0x000001e4ea6266e8]
Event: 91.260 Thread 0x000001e4f64ad370 9037       1       org.hibernate.event.internal.EmptyEventManager::beginJdbcPreparedStatementExecutionEvent (2 bytes)
Event: 91.260 Thread 0x000001e4f64ad370 nmethod 9037 0x000001e4ea626190 code [0x000001e4ea626320, 0x000001e4ea6263f0]

GC Heap History (20 events):
Event: 22.105 GC heap before
{Heap before GC invocations=15 (full 0):
 garbage-first heap   total reserved 1560576K, committed 45056K, used 38223K [0x00000000a0c00000, 0x0000000100000000)
  region size 1024K, 15 young (15360K), 2 survivors (2048K)
 Metaspace       used 61422K, committed 62144K, reserved 1114112K
  class space    used 8238K, committed 8576K, reserved 1048576K
}
Event: 22.112 GC heap after
{Heap after GC invocations=16 (full 0):
 garbage-first heap   total reserved 1560576K, committed 45056K, used 26364K [0x00000000a0c00000, 0x0000000100000000)
  region size 1024K, 2 young (2048K), 2 survivors (2048K)
 Metaspace       used 61422K, committed 62144K, reserved 1114112K
  class space    used 8238K, committed 8576K, reserved 1048576K
}
Event: 23.224 GC heap before
{Heap before GC invocations=17 (full 0):
 garbage-first heap   total reserved 1560576K, committed 45056K, used 39676K [0x00000000a0c00000, 0x0000000100000000)
  region size 1024K, 15 young (15360K), 2 survivors (2048K)
 Metaspace       used 64096K, committed 64832K, reserved 1114112K
  class space    used 8645K, committed 8960K, reserved 1048576K
}
Event: 23.234 GC heap after
{Heap after GC invocations=18 (full 0):
 garbage-first heap   total reserved 1560576K, committed 45056K, used 27793K [0x00000000a0c00000, 0x0000000100000000)
  region size 1024K, 2 young (2048K), 2 survivors (2048K)
 Metaspace       used 64096K, committed 64832K, reserved 1114112K
  class space    used 8645K, committed 8960K, reserved 1048576K
}
Event: 24.046 GC heap before
{Heap before GC invocations=18 (full 0):
 garbage-first heap   total reserved 1560576K, committed 45056K, used 39057K [0x00000000a0c00000, 0x0000000100000000)
  region size 1024K, 13 young (13312K), 2 survivors (2048K)
 Metaspace       used 66078K, committed 66752K, reserved 1114112K
  class space    used 8989K, committed 9280K, reserved 1048576K
}
Event: 24.050 GC heap after
{Heap after GC invocations=19 (full 0):
 garbage-first heap   total reserved 1560576K, committed 45056K, used 28739K [0x00000000a0c00000, 0x0000000100000000)
  region size 1024K, 2 young (2048K), 2 survivors (2048K)
 Metaspace       used 66078K, committed 66752K, reserved 1114112K
  class space    used 8989K, committed 9280K, reserved 1048576K
}
Event: 24.531 GC heap before
{Heap before GC invocations=19 (full 0):
 garbage-first heap   total reserved 1560576K, committed 45056K, used 38979K [0x00000000a0c00000, 0x0000000100000000)
  region size 1024K, 12 young (12288K), 2 survivors (2048K)
 Metaspace       used 67368K, committed 68096K, reserved 1114112K
  class space    used 9308K, committed 9600K, reserved 1048576K
}
Event: 24.535 GC heap after
{Heap after GC invocations=20 (full 0):
 garbage-first heap   total reserved 1560576K, committed 45056K, used 29676K [0x00000000a0c00000, 0x0000000100000000)
  region size 1024K, 2 young (2048K), 2 survivors (2048K)
 Metaspace       used 67368K, committed 68096K, reserved 1114112K
  class space    used 9308K, committed 9600K, reserved 1048576K
}
Event: 24.931 GC heap before
{Heap before GC invocations=21 (full 0):
 garbage-first heap   total reserved 1560576K, committed 50176K, used 39916K [0x00000000a0c00000, 0x0000000100000000)
  region size 1024K, 12 young (12288K), 2 survivors (2048K)
 Metaspace       used 68935K, committed 69696K, reserved 1114112K
  class space    used 9527K, committed 9856K, reserved 1048576K
}
Event: 24.940 GC heap after
{Heap after GC invocations=22 (full 0):
 garbage-first heap   total reserved 1560576K, committed 50176K, used 30417K [0x00000000a0c00000, 0x0000000100000000)
  region size 1024K, 2 young (2048K), 2 survivors (2048K)
 Metaspace       used 68935K, committed 69696K, reserved 1114112K
  class space    used 9527K, committed 9856K, reserved 1048576K
}
Event: 25.649 GC heap before
{Heap before GC invocations=22 (full 0):
 garbage-first heap   total reserved 1560576K, committed 50176K, used 44753K [0x00000000a0c00000, 0x0000000100000000)
  region size 1024K, 16 young (16384K), 2 survivors (2048K)
 Metaspace       used 70580K, committed 71296K, reserved 1114112K
  class space    used 9763K, committed 10048K, reserved 1048576K
}
Event: 25.655 GC heap after
{Heap after GC invocations=23 (full 0):
 garbage-first heap   total reserved 1560576K, committed 50176K, used 31692K [0x00000000a0c00000, 0x0000000100000000)
  region size 1024K, 2 young (2048K), 2 survivors (2048K)
 Metaspace       used 70580K, committed 71296K, reserved 1114112K
  class space    used 9763K, committed 10048K, reserved 1048576K
}
Event: 64.779 GC heap before
{Heap before GC invocations=23 (full 0):
 garbage-first heap   total reserved 1560576K, committed 50176K, used 43980K [0x00000000a0c00000, 0x0000000100000000)
  region size 1024K, 15 young (15360K), 2 survivors (2048K)
 Metaspace       used 72442K, committed 73152K, reserved 1114112K
  class space    used 10014K, committed 10304K, reserved 1048576K
}
Event: 64.815 GC heap after
{Heap after GC invocations=24 (full 0):
 garbage-first heap   total reserved 1560576K, committed 50176K, used 33052K [0x00000000a0c00000, 0x0000000100000000)
  region size 1024K, 2 young (2048K), 2 survivors (2048K)
 Metaspace       used 72442K, committed 73152K, reserved 1114112K
  class space    used 10014K, committed 10304K, reserved 1048576K
}
Event: 68.189 GC heap before
{Heap before GC invocations=25 (full 0):
 garbage-first heap   total reserved 1560576K, committed 56320K, used 42268K [0x00000000a0c00000, 0x0000000100000000)
  region size 1024K, 12 young (12288K), 2 survivors (2048K)
 Metaspace       used 75403K, committed 76160K, reserved 1114112K
  class space    used 10430K, committed 10752K, reserved 1048576K
}
Event: 68.195 GC heap after
{Heap after GC invocations=26 (full 0):
 garbage-first heap   total reserved 1560576K, committed 56320K, used 33876K [0x00000000a0c00000, 0x0000000100000000)
  region size 1024K, 1 young (1024K), 1 survivors (1024K)
 Metaspace       used 75403K, committed 76160K, reserved 1114112K
  class space    used 10430K, committed 10752K, reserved 1048576K
}
Event: 76.016 GC heap before
{Heap before GC invocations=26 (full 0):
 garbage-first heap   total reserved 1560576K, committed 56320K, used 49236K [0x00000000a0c00000, 0x0000000100000000)
  region size 1024K, 17 young (17408K), 1 survivors (1024K)
 Metaspace       used 77866K, committed 78656K, reserved 1179648K
  class space    used 10638K, committed 11008K, reserved 1048576K
}
Event: 76.027 GC heap after
{Heap after GC invocations=27 (full 0):
 garbage-first heap   total reserved 1560576K, committed 56320K, used 34888K [0x00000000a0c00000, 0x0000000100000000)
  region size 1024K, 2 young (2048K), 2 survivors (2048K)
 Metaspace       used 77866K, committed 78656K, reserved 1179648K
  class space    used 10638K, committed 11008K, reserved 1048576K
}
Event: 90.617 GC heap before
{Heap before GC invocations=27 (full 0):
 garbage-first heap   total reserved 1560576K, committed 56320K, used 48200K [0x00000000a0c00000, 0x0000000100000000)
  region size 1024K, 16 young (16384K), 2 survivors (2048K)
 Metaspace       used 78474K, committed 79296K, reserved 1179648K
  class space    used 10717K, committed 11072K, reserved 1048576K
}
Event: 90.639 GC heap after
{Heap after GC invocations=28 (full 0):
 garbage-first heap   total reserved 1560576K, committed 56320K, used 35786K [0x00000000a0c00000, 0x0000000100000000)
  region size 1024K, 1 young (1024K), 1 survivors (1024K)
 Metaspace       used 78474K, committed 79296K, reserved 1179648K
  class space    used 10717K, committed 11072K, reserved 1048576K
}

Dll operation events (15 events):
Event: 0.150 Loaded shared library C:\Users\sugithi satheesh\.jdks\openjdk-22\bin\java.dll
Event: 0.303 Loaded shared library C:\Users\sugithi satheesh\.jdks\openjdk-22\bin\jsvml.dll
Event: 0.720 Loaded shared library C:\Users\sugithi satheesh\.jdks\openjdk-22\bin\zip.dll
Event: 0.734 Loaded shared library C:\Users\sugithi satheesh\.jdks\openjdk-22\bin\instrument.dll
Event: 0.786 Loaded shared library C:\Users\sugithi satheesh\.jdks\openjdk-22\bin\net.dll
Event: 0.796 Loaded shared library C:\Users\sugithi satheesh\.jdks\openjdk-22\bin\nio.dll
Event: 0.817 Loaded shared library C:\Users\sugithi satheesh\.jdks\openjdk-22\bin\zip.dll
Event: 1.145 Loaded shared library D:\intellij Idea\IntelliJ IDEA Community Edition 2023.1.3\bin\breakgen64.dll
Event: 1.199 Loaded shared library C:\Users\sugithi satheesh\.jdks\openjdk-22\bin\extnet.dll
Event: 1.267 Loaded shared library C:\Users\sugithi satheesh\.jdks\openjdk-22\bin\jimage.dll
Event: 2.087 Loaded shared library C:\Users\sugithi satheesh\.jdks\openjdk-22\bin\management.dll
Event: 2.097 Loaded shared library C:\Users\sugithi satheesh\.jdks\openjdk-22\bin\management_ext.dll
Event: 3.515 Loaded shared library C:\Users\sugithi satheesh\.jdks\openjdk-22\bin\le.dll
Event: 4.768 Loaded shared library C:\Users\sugithi satheesh\.jdks\openjdk-22\bin\sunmscapi.dll
Event: 12.503 Loaded shared library C:\Users\sugithi satheesh\.jdks\openjdk-22\bin\verify.dll

Deoptimization events (20 events):
Event: 89.038 Thread 0x000001e4c62eaf80 Uncommon trap: trap_request=0xffffffde fr.pc=0x000001e4ea86c9d0 relative=0x00000000000002f0
Event: 89.038 Thread 0x000001e4c62eaf80 Uncommon trap: reason=class_check action=maybe_recompile pc=0x000001e4ea86c9d0 method=org.springframework.web.cors.CorsUtils.isPreFlightRequest(Ljakarta/servlet/http/HttpServletRequest;)Z @ 4 c2
Event: 89.038 Thread 0x000001e4c62eaf80 DEOPT PACKING pc=0x000001e4ea86c9d0 sp=0x00000072b64fd4f0
Event: 89.038 Thread 0x000001e4c62eaf80 DEOPT UNPACKING pc=0x000001e4e9f146a2 sp=0x00000072b64fd4b0 mode 2
Event: 89.038 Thread 0x000001e4c62eaf80 Uncommon trap: trap_request=0xffffffde fr.pc=0x000001e4ea86c9d0 relative=0x00000000000002f0
Event: 89.038 Thread 0x000001e4c62eaf80 Uncommon trap: reason=class_check action=maybe_recompile pc=0x000001e4ea86c9d0 method=org.springframework.web.cors.CorsUtils.isPreFlightRequest(Ljakarta/servlet/http/HttpServletRequest;)Z @ 4 c2
Event: 89.038 Thread 0x000001e4c62eaf80 DEOPT PACKING pc=0x000001e4ea86c9d0 sp=0x00000072b64fd4e0
Event: 89.038 Thread 0x000001e4c62eaf80 DEOPT UNPACKING pc=0x000001e4e9f146a2 sp=0x00000072b64fd4a0 mode 2
Event: 89.045 Thread 0x000001e4c746fd90 Uncommon trap: trap_request=0xffffff45 fr.pc=0x000001e4ea663fdc relative=0x000000000000079c
Event: 89.045 Thread 0x000001e4c746fd90 Uncommon trap: reason=unstable_if action=reinterpret pc=0x000001e4ea663fdc method=java.util.concurrent.ConcurrentMap.computeIfAbsent(Ljava/lang/Object;Ljava/util/function/Function;)Ljava/lang/Object; @ 41 c2
Event: 89.045 Thread 0x000001e4c746fd90 DEOPT PACKING pc=0x000001e4ea663fdc sp=0x00000072b5dfc8d0
Event: 89.046 Thread 0x000001e4c746fd90 DEOPT UNPACKING pc=0x000001e4e9f146a2 sp=0x00000072b5dfc8a8 mode 2
Event: 89.046 Thread 0x000001e4c746fd90 Uncommon trap: trap_request=0xffffff45 fr.pc=0x000001e4ea74d7f0 relative=0x0000000000001390
Event: 89.046 Thread 0x000001e4c746fd90 Uncommon trap: reason=unstable_if action=reinterpret pc=0x000001e4ea74d7f0 method=org.springframework.util.ConcurrentReferenceHashMap$Segment.doTask(ILjava/lang/Object;Lorg/springframework/util/ConcurrentReferenceHashMap$Task;)Ljava/lang/Object; @ 89 c2
Event: 89.046 Thread 0x000001e4c746fd90 DEOPT PACKING pc=0x000001e4ea74d7f0 sp=0x00000072b5dfc4e0
Event: 89.046 Thread 0x000001e4c746fd90 DEOPT UNPACKING pc=0x000001e4e9f146a2 sp=0x00000072b5dfc2e0 mode 2
Event: 89.096 Thread 0x000001e4c62ebca0 Uncommon trap: trap_request=0xffffff45 fr.pc=0x000001e4ea6c2be4 relative=0x00000000000003e4
Event: 89.096 Thread 0x000001e4c62ebca0 Uncommon trap: reason=unstable_if action=reinterpret pc=0x000001e4ea6c2be4 method=java.lang.reflect.Executable.declaredAnnotations()Ljava/util/Map; @ 19 c2
Event: 89.097 Thread 0x000001e4c62ebca0 DEOPT PACKING pc=0x000001e4ea6c2be4 sp=0x00000072b62fc590
Event: 89.098 Thread 0x000001e4c62ebca0 DEOPT UNPACKING pc=0x000001e4e9f146a2 sp=0x00000072b62fc538 mode 2

Classes loaded (20 events):
Event: 89.073 Loading class java/lang/Throwable$WrappedPrintWriter
Event: 89.075 Loading class java/lang/Throwable$PrintStreamOrWriter
Event: 89.075 Loading class java/lang/Throwable$PrintStreamOrWriter done
Event: 89.075 Loading class java/lang/Throwable$WrappedPrintWriter done
Event: 89.235 Loading class sun/security/ssl/Alert
Event: 89.237 Loading class sun/security/ssl/Alert done
Event: 89.238 Loading class sun/security/ssl/Alert$AlertConsumer
Event: 89.241 Loading class sun/security/ssl/Alert$AlertConsumer done
Event: 89.241 Loading class sun/security/ssl/Alert$Level
Event: 89.241 Loading class sun/security/ssl/Alert$Level done
Event: 89.242 Loading class javax/crypto/AEADBadTagException
Event: 89.242 Loading class javax/crypto/BadPaddingException
Event: 89.242 Loading class javax/crypto/BadPaddingException done
Event: 89.242 Loading class javax/crypto/AEADBadTagException done
Event: 89.242 Loading class javax/net/ssl/SSLHandshakeException
Event: 89.243 Loading class javax/net/ssl/SSLHandshakeException done
Event: 89.446 Loading class sun/net/ConnectionResetException
Event: 89.447 Loading class sun/net/ConnectionResetException done
Event: 89.940 Loading class java/util/function/LongUnaryOperator
Event: 89.940 Loading class java/util/function/LongUnaryOperator done

Classes unloaded (0 events):
No events

Classes redefined (0 events):
No events

Internal exceptions (20 events):
Event: 75.798 Thread 0x000001e4c62edd70 Exception <a 'java/io/IOException'{0x00000000a321afb8}> (0x00000000a321afb8) 
thrown [s\open\src\hotspot\share\prims\jni.cpp, line 520]
Event: 76.010 Thread 0x000001e4c62ec9c0 Exception <a 'java/io/IOException'{0x00000000a32fbec0}> (0x00000000a32fbec0) 
thrown [s\open\src\hotspot\share\prims\jni.cpp, line 520]
Event: 76.187 Thread 0x000001e4c62ec9c0 Exception <a 'java/io/IOException'{0x00000000a423e090}> (0x00000000a423e090) 
thrown [s\open\src\hotspot\share\prims\jni.cpp, line 520]
Event: 76.998 Thread 0x000001e4c62ebca0 Exception <a 'java/io/IOException'{0x00000000a42d05e8}> (0x00000000a42d05e8) 
thrown [s\open\src\hotspot\share\prims\jni.cpp, line 520]
Event: 76.998 Thread 0x000001e4c62ed6e0 Exception <a 'java/io/IOException'{0x00000000a42d7710}> (0x00000000a42d7710) 
thrown [s\open\src\hotspot\share\prims\jni.cpp, line 520]
Event: 77.315 Thread 0x000001e4c62eaf80 Exception <a 'java/io/IOException'{0x00000000a413bf00}> (0x00000000a413bf00) 
thrown [s\open\src\hotspot\share\prims\jni.cpp, line 520]
Event: 77.354 Thread 0x000001e4c84c7b80 Exception <a 'java/io/IOException'{0x00000000a410f030}> (0x00000000a410f030) 
thrown [s\open\src\hotspot\share\prims\jni.cpp, line 520]
Event: 87.322 Thread 0x000001e4c62ebca0 Exception <a 'java/lang/NoSuchMethodError'{0x00000000a403e7c0}: 'long java.lang.invoke.DirectMethodHandle$Holder.invokeSpecial(java.lang.Object, java.lang.Object, long, java.lang.Object, int, int, int, java.lang.Object)'> (0x00000000a403e7c0) 
thrown [s\open\src\hotspot\share\interpreter\linkResolver.cpp, line 774]
Event: 89.106 Thread 0x000001e4c746fd90 Exception <a 'java/io/IOException'{0x00000000a39c5fd8}> (0x00000000a39c5fd8) 
thrown [s\open\src\hotspot\share\prims\jni.cpp, line 520]
Event: 89.108 Thread 0x000001e4c62ebca0 Exception <a 'java/io/IOException'{0x00000000a39df5c8}> (0x00000000a39df5c8) 
thrown [s\open\src\hotspot\share\prims\jni.cpp, line 520]
Event: 89.116 Thread 0x000001e4c62ebca0 Exception <a 'java/io/IOException'{0x00000000a39e3ac8}> (0x00000000a39e3ac8) 
thrown [s\open\src\hotspot\share\prims\jni.cpp, line 520]
Event: 89.119 Thread 0x000001e4c746fd90 Exception <a 'java/io/IOException'{0x00000000a39e9ab0}> (0x00000000a39e9ab0) 
thrown [s\open\src\hotspot\share\prims\jni.cpp, line 520]
Event: 89.447 Thread 0x000001e4c76d93f0 Exception <a 'sun/net/ConnectionResetException'{0x00000000a37a43b0}: Connection reset> (0x00000000a37a43b0) 
thrown [s\open\src\hotspot\share\prims\jni.cpp, line 539]
Event: 89.826 Thread 0x000001e4c71e9190 Exception <a 'java/io/IOException'{0x00000000a36945f0}> (0x00000000a36945f0) 
thrown [s\open\src\hotspot\share\prims\jni.cpp, line 520]
Event: 89.827 Thread 0x000001e4c71e9190 Exception <a 'java/io/IOException'{0x00000000a3697f80}> (0x00000000a3697f80) 
thrown [s\open\src\hotspot\share\prims\jni.cpp, line 520]
Event: 89.941 Thread 0x000001e4c76d93f0 Exception <a 'java/lang/NoSuchMethodError'{0x00000000a3553058}: 'long java.lang.invoke.DirectMethodHandle$Holder.invokeStatic(java.lang.Object, long)'> (0x00000000a3553058) 
thrown [s\open\src\hotspot\share\interpreter\linkResolver.cpp, line 774]
Event: 89.991 Thread 0x000001e4c76d93f0 Exception <a 'sun/net/ConnectionResetException'{0x00000000a3559898}: Connection reset> (0x00000000a3559898) 
thrown [s\open\src\hotspot\share\prims\jni.cpp, line 539]
Event: 90.307 Thread 0x000001e4c76d93f0 Exception <a 'sun/net/ConnectionResetException'{0x00000000a356bda8}: Connection reset> (0x00000000a356bda8) 
thrown [s\open\src\hotspot\share\prims\jni.cpp, line 539]
Event: 91.045 Thread 0x000001e4c84c7b80 Exception <a 'java/io/IOException'{0x00000000a6b825c8}> (0x00000000a6b825c8) 
thrown [s\open\src\hotspot\share\prims\jni.cpp, line 520]
Event: 91.047 Thread 0x000001e4c84c7b80 Exception <a 'java/io/IOException'{0x00000000a6b85f58}> (0x00000000a6b85f58) 
thrown [s\open\src\hotspot\share\prims\jni.cpp, line 520]

ZGC Phase Switch (0 events):
No events

VM Operations (20 events):
Event: 75.698 Executing VM operation: Cleanup
Event: 75.698 Executing VM operation: Cleanup done
Event: 76.016 Executing VM operation: G1CollectForAllocation (G1 Evacuation Pause)
Event: 76.027 Executing VM operation: G1CollectForAllocation (G1 Evacuation Pause) done
Event: 77.040 Executing VM operation: Cleanup
Event: 77.040 Executing VM operation: Cleanup done
Event: 78.043 Executing VM operation: Cleanup
Event: 78.043 Executing VM operation: Cleanup done
Event: 88.090 Executing VM operation: Cleanup
Event: 88.090 Executing VM operation: Cleanup done
Event: 89.098 Executing VM operation: Cleanup
Event: 89.098 Executing VM operation: Cleanup done
Event: 90.104 Executing VM operation: Cleanup
Event: 90.104 Executing VM operation: Cleanup done
Event: 90.617 Executing VM operation: G1CollectForAllocation (G1 Evacuation Pause)
Event: 90.640 Executing VM operation: G1CollectForAllocation (G1 Evacuation Pause) done
Event: 90.752 Executing VM operation: G1PauseRemark
Event: 90.773 Executing VM operation: G1PauseRemark done
Event: 90.818 Executing VM operation: G1PauseCleanup
Event: 90.819 Executing VM operation: G1PauseCleanup done

Events (20 events):
Event: 90.769 Thread 0x000001e4f6486b70 flushing nmethod 0x000001e4e313e410
Event: 90.769 Thread 0x000001e4f6486b70 flushing nmethod 0x000001e4e313fb10
Event: 90.769 Thread 0x000001e4f6486b70 flushing nmethod 0x000001e4e31e0710
Event: 90.769 Thread 0x000001e4f6486b70 flushing nmethod 0x000001e4e31e4210
Event: 90.769 Thread 0x000001e4f6486b70 flushing nmethod 0x000001e4e3255290
Event: 90.769 Thread 0x000001e4f6486b70 flushing nmethod 0x000001e4e3275a10
Event: 90.769 Thread 0x000001e4f6486b70 flushing nmethod 0x000001e4e32b3490
Event: 90.769 Thread 0x000001e4f6486b70 flushing nmethod 0x000001e4e3366710
Event: 90.769 Thread 0x000001e4f6486b70 flushing nmethod 0x000001e4e3372390
Event: 90.769 Thread 0x000001e4f6486b70 flushing nmethod 0x000001e4e29b6c90
Event: 90.769 Thread 0x000001e4f6486b70 flushing nmethod 0x000001e4e2a28210
Event: 90.769 Thread 0x000001e4f6486b70 flushing nmethod 0x000001e4e2ac0910
Event: 90.769 Thread 0x000001e4f6486b70 flushing nmethod 0x000001e4e2bd0e90
Event: 90.769 Thread 0x000001e4f6486b70 flushing nmethod 0x000001e4e2c73490
Event: 90.769 Thread 0x000001e4f6486b70 flushing nmethod 0x000001e4e2d5aa90
Event: 90.769 Thread 0x000001e4f6486b70 flushing nmethod 0x000001e4e30fc990
Event: 90.769 Thread 0x000001e4f6486b70 flushing nmethod 0x000001e4e33e2410
Event: 90.769 Thread 0x000001e4f6486b70 flushing nmethod 0x000001e4e33e3410
Event: 90.769 Thread 0x000001e4f6486b70 flushing nmethod 0x000001e4e33e3790
Event: 90.769 Thread 0x000001e4f6486b70 flushing nmethod 0x000001e4e33e3b90


Dynamic libraries:
0x00007ff7b2880000 - 0x00007ff7b288e000 	C:\Users\sugithi satheesh\.jdks\openjdk-22\bin\java.exe
0x00007ff87e6d0000 - 0x00007ff87e8e7000 	C:\WINDOWS\SYSTEM32\ntdll.dll
0x00007ff87ca10000 - 0x00007ff87cad4000 	C:\WINDOWS\System32\KERNEL32.DLL
0x00007ff87ba20000 - 0x00007ff87bdc7000 	C:\WINDOWS\System32\KERNELBASE.dll
0x00007ff87c0d0000 - 0x00007ff87c1e1000 	C:\WINDOWS\System32\ucrtbase.dll
0x00007ff8558c0000 - 0x00007ff8558d7000 	C:\Users\sugithi satheesh\.jdks\openjdk-22\bin\jli.dll
0x00007ff87c860000 - 0x00007ff87ca0e000 	C:\WINDOWS\System32\USER32.dll
0x00007ff87b9f0000 - 0x00007ff87ba16000 	C:\WINDOWS\System32\win32u.dll
0x00007ff87d1c0000 - 0x00007ff87d1e9000 	C:\WINDOWS\System32\GDI32.dll
0x00007ff87bfb0000 - 0x00007ff87c0c9000 	C:\WINDOWS\System32\gdi32full.dll
0x00007ff87c1f0000 - 0x00007ff87c28a000 	C:\WINDOWS\System32\msvcp_win.dll
0x00007ff853210000 - 0x00007ff85322b000 	C:\Users\sugithi satheesh\.jdks\openjdk-22\bin\VCRUNTIME140.dll
0x00007ff867a50000 - 0x00007ff867ce3000 	C:\WINDOWS\WinSxS\amd64_microsoft.windows.common-controls_6595b64144ccf1df_6.0.22621.3527_none_270e469b73872a76\COMCTL32.dll
0x00007ff87d450000 - 0x00007ff87d4f7000 	C:\WINDOWS\System32\msvcrt.dll
0x00007ff87c400000 - 0x00007ff87c431000 	C:\WINDOWS\System32\IMM32.DLL
0x00007ff8589d0000 - 0x00007ff8589dc000 	C:\Users\sugithi satheesh\.jdks\openjdk-22\bin\vcruntime140_1.dll
0x00007ff8403c0000 - 0x00007ff84044e000 	C:\Users\sugithi satheesh\.jdks\openjdk-22\bin\msvcp140.dll
0x00007ff836610000 - 0x00007ff837358000 	C:\Users\sugithi satheesh\.jdks\openjdk-22\bin\server\jvm.dll
0x00007ff87d270000 - 0x00007ff87d322000 	C:\WINDOWS\System32\ADVAPI32.dll
0x00007ff87e250000 - 0x00007ff87e2f8000 	C:\WINDOWS\System32\sechost.dll
0x00007ff87bf00000 - 0x00007ff87bf28000 	C:\WINDOWS\System32\bcrypt.dll
0x00007ff87e000000 - 0x00007ff87e115000 	C:\WINDOWS\System32\RPCRT4.dll
0x00007ff87e1d0000 - 0x00007ff87e241000 	C:\WINDOWS\System32\WS2_32.dll
0x00007ff87b8b0000 - 0x00007ff87b8fd000 	C:\WINDOWS\SYSTEM32\POWRPROF.dll
0x00007ff871730000 - 0x00007ff87173a000 	C:\WINDOWS\SYSTEM32\VERSION.dll
0x00007ff8738e0000 - 0x00007ff873914000 	C:\WINDOWS\SYSTEM32\WINMM.dll
0x00007ff87b890000 - 0x00007ff87b8a3000 	C:\WINDOWS\SYSTEM32\UMPDC.dll
0x00007ff87a9e0000 - 0x00007ff87a9f8000 	C:\WINDOWS\SYSTEM32\kernel.appcore.dll
0x00007ff856940000 - 0x00007ff85694a000 	C:\Users\sugithi satheesh\.jdks\openjdk-22\bin\jimage.dll
0x00007ff879190000 - 0x00007ff8793c2000 	C:\WINDOWS\SYSTEM32\DBGHELP.DLL
0x00007ff87e300000 - 0x00007ff87e688000 	C:\WINDOWS\System32\combase.dll
0x00007ff87df20000 - 0x00007ff87dff7000 	C:\WINDOWS\System32\OLEAUT32.dll
0x00007ff864510000 - 0x00007ff864542000 	C:\WINDOWS\SYSTEM32\dbgcore.DLL
0x00007ff87bf30000 - 0x00007ff87bfa9000 	C:\WINDOWS\System32\bcryptPrimitives.dll
0x00007ff876cf0000 - 0x00007ff876cff000 	C:\Users\sugithi satheesh\.jdks\openjdk-22\bin\instrument.dll
0x00007ff850fd0000 - 0x00007ff850fee000 	C:\Users\sugithi satheesh\.jdks\openjdk-22\bin\java.dll
0x00007ff87d630000 - 0x00007ff87de8c000 	C:\WINDOWS\System32\SHELL32.dll
0x00007ff87cae0000 - 0x00007ff87cc85000 	C:\WINDOWS\System32\ole32.dll
0x00007ff8798e0000 - 0x00007ff87a1d6000 	C:\WINDOWS\SYSTEM32\windows.storage.dll
0x00007ff8797a0000 - 0x00007ff8798de000 	C:\WINDOWS\SYSTEM32\wintypes.dll
0x00007ff87d530000 - 0x00007ff87d625000 	C:\WINDOWS\System32\SHCORE.dll
0x00007ff87d350000 - 0x00007ff87d3ae000 	C:\WINDOWS\System32\shlwapi.dll
0x00007ff87b920000 - 0x00007ff87b941000 	C:\WINDOWS\SYSTEM32\profapi.dll
0x00007ff83b100000 - 0x00007ff83b1d7000 	C:\Users\sugithi satheesh\.jdks\openjdk-22\bin\jsvml.dll
0x00007ff8501b0000 - 0x00007ff8501c7000 	C:\Users\sugithi satheesh\.jdks\openjdk-22\bin\zip.dll
0x00007ff8559b0000 - 0x00007ff8559c0000 	C:\Users\sugithi satheesh\.jdks\openjdk-22\bin\net.dll
0x00007ff87ae60000 - 0x00007ff87aec9000 	C:\WINDOWS\system32\mswsock.dll
0x00007ff850fb0000 - 0x00007ff850fc6000 	C:\Users\sugithi satheesh\.jdks\openjdk-22\bin\nio.dll
0x00007ff876a20000 - 0x00007ff876a3a000 	D:\intellij Idea\IntelliJ IDEA Community Edition 2023.1.3\bin\breakgen64.dll
0x00007ff8558b0000 - 0x00007ff8558b9000 	C:\Users\sugithi satheesh\.jdks\openjdk-22\bin\extnet.dll
0x00007ff876c60000 - 0x00007ff876c6a000 	C:\Users\sugithi satheesh\.jdks\openjdk-22\bin\management.dll
0x00007ff876b10000 - 0x00007ff876b1b000 	C:\Users\sugithi satheesh\.jdks\openjdk-22\bin\management_ext.dll
0x00007ff87d340000 - 0x00007ff87d348000 	C:\WINDOWS\System32\PSAPI.DLL
0x00007ff8690f0000 - 0x00007ff8690fb000 	C:\Users\sugithi satheesh\.jdks\openjdk-22\bin\le.dll
0x00007ff869090000 - 0x00007ff86909e000 	C:\Users\sugithi satheesh\.jdks\openjdk-22\bin\sunmscapi.dll
0x00007ff87c290000 - 0x00007ff87c3f8000 	C:\WINDOWS\System32\CRYPT32.dll
0x00007ff87b2a0000 - 0x00007ff87b2ce000 	C:\WINDOWS\SYSTEM32\ncrypt.dll
0x00007ff87b260000 - 0x00007ff87b297000 	C:\WINDOWS\SYSTEM32\NTASN1.dll
0x00007ff87b0e0000 - 0x00007ff87b0fb000 	C:\WINDOWS\SYSTEM32\CRYPTSP.dll
0x00007ff87a940000 - 0x00007ff87a975000 	C:\WINDOWS\system32\rsaenh.dll
0x00007ff87af80000 - 0x00007ff87afa8000 	C:\WINDOWS\SYSTEM32\USERENV.dll
0x00007ff87b100000 - 0x00007ff87b10c000 	C:\WINDOWS\SYSTEM32\CRYPTBASE.dll
0x00007ff87a440000 - 0x00007ff87a46d000 	C:\WINDOWS\SYSTEM32\IPHLPAPI.DLL
0x00007ff87d330000 - 0x00007ff87d339000 	C:\WINDOWS\System32\NSI.dll
0x00007ff850fa0000 - 0x00007ff850fb0000 	C:\Users\sugithi satheesh\.jdks\openjdk-22\bin\verify.dll
0x00007ff85b9d0000 - 0x00007ff85b9e7000 	C:\WINDOWS\system32\napinsp.dll
0x00007ff85c0b0000 - 0x00007ff85c0cb000 	C:\WINDOWS\system32\pnrpnsp.dll
0x00007ff87a4b0000 - 0x00007ff87a5a8000 	C:\WINDOWS\SYSTEM32\DNSAPI.dll
0x00007ff85b9b0000 - 0x00007ff85b9c1000 	C:\WINDOWS\System32\winrnr.dll
0x00007ff872aa0000 - 0x00007ff872ab5000 	C:\WINDOWS\system32\wshbth.dll
0x00007ff85b720000 - 0x00007ff85b747000 	C:\WINDOWS\system32\nlansp_c.dll
0x00007ff86ead0000 - 0x00007ff86eada000 	C:\Windows\System32\rasadhlp.dll
0x00007ff872ae0000 - 0x00007ff872b63000 	C:\WINDOWS\System32\fwpuclnt.dll
0x00007ff863ae0000 - 0x00007ff863ae8000 	C:\WINDOWS\system32\wshunix.dll

dbghelp: loaded successfully - version: 4.0.5 - missing functions: none
symbol engine: initialized successfully - sym options: 0x614 - pdb path: .;C:\Users\sugithi satheesh\.jdks\openjdk-22\bin;C:\WINDOWS\SYSTEM32;C:\WINDOWS\WinSxS\amd64_microsoft.windows.common-controls_6595b64144ccf1df_6.0.22621.3527_none_270e469b73872a76;C:\Users\sugithi satheesh\.jdks\openjdk-22\bin\server;D:\intellij Idea\IntelliJ IDEA Community Edition 2023.1.3\bin

VM Arguments:
jvm_args: -javaagent:D:\intellij Idea\IntelliJ IDEA Community Edition 2023.1.3\lib\idea_rt.jar=61698:D:\intellij Idea\IntelliJ IDEA Community Edition 2023.1.3\bin -Dfile.encoding=UTF-8 -Dsun.stdout.encoding=UTF-8 -Dsun.stderr.encoding=UTF-8 
java_command: com.taskmanagement.fannss.FannssApplication
java_class_path (initial): C:\Users\sugithi satheesh\Downloads\fannss\fannss\target\classes;C:\Users\sugithi satheesh\.m2\repository\org\springframework\boot\spring-boot-starter-data-jpa\3.3.0\spring-boot-starter-data-jpa-3.3.0.jar;C:\Users\sugithi satheesh\.m2\repository\org\springframework\boot\spring-boot-starter-aop\3.3.0\spring-boot-starter-aop-3.3.0.jar;C:\Users\sugithi satheesh\.m2\repository\org\springframework\spring-aop\6.1.8\spring-aop-6.1.8.jar;C:\Users\sugithi satheesh\.m2\repository\org\aspectj\aspectjweaver\1.9.22\aspectjweaver-1.9.22.jar;C:\Users\sugithi satheesh\.m2\repository\org\springframework\boot\spring-boot-starter-jdbc\3.3.0\spring-boot-starter-jdbc-3.3.0.jar;C:\Users\sugithi satheesh\.m2\repository\com\zaxxer\HikariCP\5.1.0\HikariCP-5.1.0.jar;C:\Users\sugithi satheesh\.m2\repository\org\springframework\spring-jdbc\6.1.8\spring-jdbc-6.1.8.jar;C:\Users\sugithi satheesh\.m2\repository\org\hibernate\orm\hibernate-core\6.5.2.Final\hibernate-core-6.5.2.Final.jar;C:\Users\sugithi satheesh\.m2\repository\jakarta\persistence\jakarta.persistence-api\3.1.0\jakarta.persistence-api-3.1.0.jar;C:\Users\sugithi satheesh\.m2\repository\jakarta\transaction\jakarta.transaction-api\2.0.1\jakarta.transaction-api-2.0.1.jar;C:\Users\sugithi satheesh\.m2\repository\org\jboss\logging\jboss-logging\3.5.3.Final\jboss-logging-3.5.3.Final.jar;C:\Users\sugithi satheesh\.m2\repository\org\hibernate\common\hibernate-commons-annotations\6.0.6.Final\hibernate-commons-annotations-6.0.6.Final.jar;C:\Users\sugithi satheesh\.m2\repository\io\smallrye\jandex\3.1.2\jandex-3.1.2.jar;C:\Users\sugithi satheesh\.m2\repository\com\fasterxml\classmate\1.7.0\classmate-1.7.0.jar;C:\Users\sugithi satheesh\.m2\repository\net\bytebuddy\byte-buddy\1.14.16\byte-buddy-1.14.16.jar;C:\Users\sugithi satheesh\.m2\repository\org\glassfish\jaxb\jaxb-runtime\4.0.5\jaxb-runtime-4.0.5.jar;C:\Users\sugithi satheesh\.m2\repository\org\glassfish\jaxb\jaxb-core\4.0.5\jaxb-core-4.0.5.jar;C:\Users\sugithi satheesh\.m2\repository\org\eclipse\angus\angus-activation\2.0.2\angus-activation-2.0.2.jar;C:\Users\sugithi satheesh\.m2\repository\org\glassfish\jaxb\txw2\4.0.5\txw2-4.0.5.jar;C:\Users\sugithi satheesh\.m2\repository\com\sun\istack\istack-commons-runtime\4.1.2\istack-commons-runtime-4.1.2.jar;C:\Users\sugithi satheesh\.m2\repository\jakarta\inject\jakarta.inject-api\2.0.1\jakarta.inject-api-2.0.1.jar;C:\Users\sugithi satheesh\.m2\repository\org\antlr\antlr4-runtime\4.13.0\antlr4-runtime-4.13.0.jar;C:\Users\sugithi satheesh\.m2\repository\org\springframework\data\spring-data-jpa\3.3.0\spring-data-jpa-3.3.0.jar;C:\Users\sugithi satheesh\.m2\repository\org\springframework\data\spring-data-commons\3.3.0\spring-data-commons-3.3.0.jar;C:\Users\sugithi satheesh\.m2\repository\org\springframework\spring-orm\6.1.8\spring-orm-6.1.8.jar;C:\Users\sugithi satheesh\.m2\repository\org\springframework\spring-context\6.1.8\spring-context-6.1.8.jar;C:\Users\sugithi satheesh\.m2\repository\org\springframework\spring-tx\6.1.8\spring-tx-6.1.8.jar;C:\Users\sugithi satheesh\.m2\repository\org\springframework\spring-beans\6.1.8\spring-beans-6.1.8.jar;C:\Users\sugithi satheesh\.m2\repository\jakarta\annotation\jakarta.annotation-api\2.1.1\jakarta.annotation-api-2.1.1.jar;C:\Users\sugithi satheesh\.m2\repository\org\slf4j\slf4j-api\2.0.13\slf4j-api-2.0.13.jar;C:\Users\sugithi satheesh\.m2\repository\org\springframework\spring-aspects\6.1.8\spring-aspects-6.1.8.jar;C:\Users\sugithi satheesh\.m2\repository\org\springframework\boot\spring-boot-starter-web\3.3.0\spring-boot-starter-web-3.3.0.jar;C:\Users\sugithi satheesh\.m2\repository\org\springframework\boot\spring-boot-starter\3.3.0\spring-boot-starter-3.3.0.jar;C:\Users\sugithi satheesh\.m2\repository\org\springframework\boot\spring-boot-starter-logging\3.3.0\spring-boot-starter-logging-3.3.0.jar;C:\Users\sugithi satheesh\.m2\repository\ch\qos\logback\logback-classic\1.5.6\logback-classic-1.5.6.jar;C:\Users\sugithi satheesh\.m2\repository\ch\qos\logback\logback-core\1.5.6\logback-core-1.5.6.jar;C:\Users\sugithi satheesh\.m2\repository\org\apache\logging\log4j\log4j-to-slf4j\2.23.1\log4j-to-slf4j-2.23.1.jar;C:\Users\sugithi satheesh\.m2\repository\org\apache\logging\log4j\log4j-api\2.23.1\log4j-api-2.23.1.jar;C:\Users\sugithi satheesh\.m2\repository\org\slf4j\jul-to-slf4j\2.0.13\jul-to-slf4j-2.0.13.jar;C:\Users\sugithi satheesh\.m2\repository\org\yaml\snakeyaml\2.2\snakeyaml-2.2.jar;C:\Users\sugithi satheesh\.m2\repository\org\springframework\boot\spring-boot-starter-json\3.3.0\spring-boot-starter-json-3.3.0.jar;C:\Users\sugithi satheesh\.m2\repository\com\fasterxml\jackson\core\jackson-databind\2.17.1\jackson-databind-2.17.1.jar;C:\Users\sugithi satheesh\.m2\repository\com\fasterxml\jackson\core\jackson-annotations\2.17.1\jackson-annotations-2.17.1.jar;C:\Users\sugithi satheesh\.m2\repository\com\fasterxml\jackson\core\jackson-core\2.17.1\jackson-core-2.17.1.jar;C:\Users\sugithi satheesh\.m2\repository\com\fasterxml\jackson\datatype\jackson-datatype-jdk8\2.17.1\jackson-datatype-jdk8-2.17.1.jar;C:\Users\sugithi satheesh\.m2\repository\com\fasterxml\jackson\datatype\jackson-datatype-jsr310\2.17.1\jackson-datatype-jsr310-2.17.1.jar;C:\Users\sugithi satheesh\.m2\repository\com\fasterxml\jackson\module\jackson-module-parameter-names\2.17.1\jackson-module-parameter-names-2.17.1.jar;C:\Users\sugithi satheesh\.m2\repository\org\springframework\boot\spring-boot-starter-tomcat\3.3.0\spring-boot-starter-tomcat-3.3.0.jar;C:\Users\sugithi satheesh\.m2\repository\org\apache\tomcat\embed\tomcat-embed-core\10.1.24\tomcat-embed-core-10.1.24.jar;C:\Users\sugithi satheesh\.m2\repository\org\apache\tomcat\embed\tomcat-embed-el\10.1.24\tomcat-embed-el-10.1.24.jar;C:\Users\sugithi satheesh\.m2\repository\org\apache\tomcat\embed\tomcat-embed-websocket\10.1.24\tomcat-embed-websocket-10.1.24.jar;C:\Users\sugithi satheesh\.m2\repository\org\springframework\spring-web\6.1.8\spring-web-6.1.8.jar;C:\Users\sugithi satheesh\.m2\repository\io\micrometer\micrometer-observation\1.13.0\micrometer-observation-1.13.0.jar;C:\Users\sugithi satheesh\.m2\repository\io\micrometer\micrometer-commons\1.13.0\micrometer-commons-1.13.0.jar;C:\Users\sugithi satheesh\.m2\repository\org\springframework\spring-webmvc\6.1.8\spring-webmvc-6.1.8.jar;C:\Users\sugithi satheesh\.m2\repository\org\springframework\spring-expression\6.1.8\spring-expression-6.1.8.jar;C:\Users\sugithi satheesh\.m2\repository\org\springframework\boot\spring-boot-devtools\3.3.0\spring-boot-devtools-3.3.0.jar;C:\Users\sugithi satheesh\.m2\repository\org\springframework\boot\spring-boot\3.3.0\spring-boot-3.3.0.jar;C:\Users\sugithi satheesh\.m2\repository\org\springframework\boot\spring-boot-autoconfigure\3.3.0\spring-boot-autoconfigure-3.3.0.jar;C:\Users\sugithi satheesh\.m2\repository\com\microsoft\sqlserver\mssql-jdbc\12.6.1.jre11\mssql-jdbc-12.6.1.jre11.jar;C:\Users\sugithi satheesh\.m2\repository\org\projectlombok\lombok\1.18.32\lombok-1.18.32.jar;C:\Users\sugithi satheesh\.m2\repository\jakarta\xml\bind\jakarta.xml.bind-api\4.0.2\jakarta.xml.bind-api-4.0.2.jar;C:\Users\sugithi satheesh\.m2\repository\jakarta\activation\jakarta.activation-api\2.1.3\jakarta.activation-api-2.1.3.jar;C:\Users\sugithi satheesh\.m2\repository\org\springframework\spring-core\6.1.8\spring-core-6.1.8.jar;C:\Users\sugithi satheesh\.m2\repository\org\springframework\spring-jcl\6.1.8\spring-jcl-6.1.8.jar
Launcher Type: SUN_STANDARD

[Global flags]
     intx CICompilerCount                          = 4                                         {product} {ergonomic}
     uint ConcGCThreads                            = 2                                         {product} {ergonomic}
     uint G1ConcRefinementThreads                  = 8                                         {product} {ergonomic}
   size_t G1HeapRegionSize                         = 1048576                                   {product} {ergonomic}
   size_t InitialHeapSize                          = 100663296                                 {product} {ergonomic}
   size_t MarkStackSize                            = 4194304                                   {product} {ergonomic}
   size_t MaxHeapSize                              = 1598029824                                {product} {ergonomic}
   size_t MaxNewSize                               = 958398464                                 {product} {ergonomic}
   size_t MinHeapDeltaBytes                        = 1048576                                   {product} {ergonomic}
   size_t MinHeapSize                              = 8388608                                   {product} {ergonomic}
    uintx NonNMethodCodeHeapSize                   = 5839372                                {pd product} {ergonomic}
    uintx NonProfiledCodeHeapSize                  = 122909434                              {pd product} {ergonomic}
    uintx ProfiledCodeHeapSize                     = 122909434                              {pd product} {ergonomic}
    uintx ReservedCodeCacheSize                    = 251658240                              {pd product} {ergonomic}
     bool SegmentedCodeCache                       = true                                      {product} {ergonomic}
   size_t SoftMaxHeapSize                          = 1598029824                             {manageable} {ergonomic}
     bool UseCompressedOops                        = true                           {product lp64_product} {ergonomic}
     bool UseG1GC                                  = true                                      {product} {ergonomic}
     bool UseLargePagesIndividualAllocation        = false                                  {pd product} {ergonomic}

Logging:
Log output configuration:
 #0: stdout all=warning uptime,level,tags foldmultilines=false
 #1: stderr all=off uptime,level,tags foldmultilines=false

Environment Variables:
JAVA_HOME=C:\Program Files\Java\jdk-19
PATH=C:\Program Files\Microsoft SDKs\Azure\CLI2\wbin;C:\Python311\Scripts\;C:\Python311\;C:\oracle\product\10.2.0\db_1\bin;C:\ProgramData\Oracle\Java\javapath;C:\Program Files\Common Files\Oracle\Java\javapath;C:\WINDOWS\system32;C:\WINDOWS;C:\WINDOWS\System32\Wbem;C:\WINDOWS\System32\WindowsPowerShell\v1.0\;C:\WINDOWS\System32\OpenSSH\;C:\Program Files\Polyspace\R2020a\runtime\win64;C:\Program Files\Polyspace\R2020a\bin;C:\Program Files\Polyspace\R2020a\polyspace\bin;C:\Program Files\Git\cmd;D:\apache-maven-3.9.3\bin;C:\Program Files\Java\jdk-19\bin;C:\Program Files (x86)\Microsoft SQL Server\160\Tools\Binn\;C:\Program Files\Microsoft SQL Server\160\Tools\Binn\;C:\Program Files\Microsoft SQL Server\Client SDK\ODBC\170\Tools\Binn\;C:\Program Files\Microsoft SQL Server\160\DTS\Binn\;C:\Program Files (x86)\Microsoft SQL Server\160\DTS\Binn\;C:\Program Files\nodejs\;C:\Program Files\Docker\Docker\resources\bin;C:\Program Files\MySQL\MySQL Shell 8.0\bin\;C:\Users\sugithi satheesh\AppData\Local\Microsoft\WindowsApps;C:\Program Files\Java\jdk-19\bin;C:\Users\sugithi satheesh\AppData\Local\Programs\Microsoft VS Code\bin;;D:\intellij Idea\IntelliJ IDEA Community Edition 2023.1.3\bin;;C:\Users\sugithi satheesh\AppData\Roaming\npm
USERNAME=sugithi satheesh
OS=Windows_NT
PROCESSOR_IDENTIFIER=AMD64 Family 23 Model 24 Stepping 1, AuthenticAMD
TMP=C:\Users\SUGITH~1\AppData\Local\Temp
TEMP=C:\Users\SUGITH~1\AppData\Local\Temp




Periodic native trim disabled

---------------  S Y S T E M  ---------------

OS:
 Windows 11 , 64 bit Build 22621 (10.0.22621.3527)
OS uptime: 0 days 9:59 hours
Hyper-V role detected

CPU: total 8 (initial active 8) (8 cores per cpu, 2 threads per core) family 23 model 24 stepping 1 microcode 0x0, cx8, cmov, fxsr, ht, mmx, 3dnowpref, sse, sse2, sse3, ssse3, sse4a, sse4.1, sse4.2, popcnt, lzcnt, tsc, tscinvbit, avx, avx2, aes, clmul, bmi1, bmi2, adx, sha, fma, vzeroupper, clflush, clflushopt, hv, rdtscp, f16c
Processor Information for all 8 processors :
  Max Mhz: 2100, Current Mhz: 2100, Mhz Limit: 2100

Memory: 4k page, system-wide physical 6091M (229M free)
TotalPageFile size 24523M (AvailPageFile size 6M)
current process WorkingSet (physical memory assigned to process): 196M, peak: 230M
current process commit charge ("private bytes"): 296M, peak: 296M

vm_info: OpenJDK 64-Bit Server VM (22+36-2370) for windows-amd64 JRE (22+36-2370), built on 2024-02-15T22:15:19Z by "mach5one" with MS VC++ 17.6 (VS2022)

END.
